# SETTINGS ./simusched lotes/loteEj5.tsk 1 2 0 SchedRR 2
LOAD 0 0
LOAD 0 1
LOAD 0 2
LOAD 0 3
LOAD 0 4
# CONTEXT CPU 0 0
# CONTEXT CPU 0 1
CPU 2 0 0
CPU 3 0 0
# CONTEXT CPU 0 4
# CONTEXT CPU 0 5
CPU 6 1 0
CPU 7 1 0
# CONTEXT CPU 0 8
# CONTEXT CPU 0 9
CPU 10 2 0
CPU 11 2 0
# CONTEXT CPU 0 12
# CONTEXT CPU 0 13
CPU 14 3 0
BLOCK 15 3
# CONTEXT CPU 0 15
# CONTEXT CPU 0 16
CPU 17 4 0
BLOCK 18 4
UNBLOCK 18 3
# CONTEXT CPU 0 18
# CONTEXT CPU 0 19
CPU 20 0 0
UNBLOCK 21 4
CPU 21 0 0
# CONTEXT CPU 0 22
# CONTEXT CPU 0 23
CPU 24 1 0
CPU 25 1 0
# CONTEXT CPU 0 26
# CONTEXT CPU 0 27
CPU 28 2 0
CPU 29 2 0
# CONTEXT CPU 0 30
# CONTEXT CPU 0 31
CPU 32 3 0
BLOCK 33 3
# CONTEXT CPU 0 33
# CONTEXT CPU 0 34
CPU 35 4 0
BLOCK 36 4
UNBLOCK 36 3
# CONTEXT CPU 0 36
# CONTEXT CPU 0 37
CPU 38 0 0
UNBLOCK 39 4
CPU 39 0 0
# CONTEXT CPU 0 40
# CONTEXT CPU 0 41
CPU 42 1 0
CPU 43 1 0
# CONTEXT CPU 0 44
# CONTEXT CPU 0 45
CPU 46 2 0
CPU 47 2 0
# CONTEXT CPU 0 48
# CONTEXT CPU 0 49
CPU 50 3 0
BLOCK 51 3
# CONTEXT CPU 0 51
# CONTEXT CPU 0 52
CPU 53 4 0
BLOCK 54 4
UNBLOCK 54 3
# CONTEXT CPU 0 54
# CONTEXT CPU 0 55
CPU 56 0 0
UNBLOCK 57 4
CPU 57 0 0
# CONTEXT CPU 0 58
# CONTEXT CPU 0 59
CPU 60 1 0
CPU 61 1 0
# CONTEXT CPU 0 62
# CONTEXT CPU 0 63
CPU 64 2 0
CPU 65 2 0
# CONTEXT CPU 0 66
# CONTEXT CPU 0 67
CPU 68 3 0
EXIT 69 3 0
# CONTEXT CPU 0 69
# CONTEXT CPU 0 70
CPU 71 4 0
EXIT 72 4 0
# CONTEXT CPU 0 72
# CONTEXT CPU 0 73
CPU 74 0 0
CPU 75 0 0
# CONTEXT CPU 0 76
# CONTEXT CPU 0 77
CPU 78 1 0
CPU 79 1 0
# CONTEXT CPU 0 80
# CONTEXT CPU 0 81
CPU 82 2 0
CPU 83 2 0
# CONTEXT CPU 0 84
# CONTEXT CPU 0 85
CPU 86 0 0
CPU 87 0 0
# CONTEXT CPU 0 88
# CONTEXT CPU 0 89
CPU 90 1 0
CPU 91 1 0
# CONTEXT CPU 0 92
# CONTEXT CPU 0 93
CPU 94 2 0
CPU 95 2 0
# CONTEXT CPU 0 96
# CONTEXT CPU 0 97
CPU 98 0 0
CPU 99 0 0
# CONTEXT CPU 0 100
# CONTEXT CPU 0 101
CPU 102 1 0
CPU 103 1 0
# CONTEXT CPU 0 104
# CONTEXT CPU 0 105
CPU 106 2 0
CPU 107 2 0
# CONTEXT CPU 0 108
# CONTEXT CPU 0 109
CPU 110 0 0
CPU 111 0 0
# CONTEXT CPU 0 112
# CONTEXT CPU 0 113
CPU 114 1 0
CPU 115 1 0
# CONTEXT CPU 0 116
# CONTEXT CPU 0 117
CPU 118 2 0
CPU 119 2 0
# CONTEXT CPU 0 120
# CONTEXT CPU 0 121
CPU 122 0 0
CPU 123 0 0
# CONTEXT CPU 0 124
# CONTEXT CPU 0 125
CPU 126 1 0
CPU 127 1 0
# CONTEXT CPU 0 128
# CONTEXT CPU 0 129
CPU 130 2 0
CPU 131 2 0
# CONTEXT CPU 0 132
# CONTEXT CPU 0 133
CPU 134 0 0
CPU 135 0 0
# CONTEXT CPU 0 136
# CONTEXT CPU 0 137
CPU 138 1 0
CPU 139 1 0
# CONTEXT CPU 0 140
# CONTEXT CPU 0 141
CPU 142 2 0
CPU 143 2 0
# CONTEXT CPU 0 144
# CONTEXT CPU 0 145
CPU 146 0 0
CPU 147 0 0
# CONTEXT CPU 0 148
# CONTEXT CPU 0 149
CPU 150 1 0
CPU 151 1 0
# CONTEXT CPU 0 152
# CONTEXT CPU 0 153
CPU 154 2 0
CPU 155 2 0
# CONTEXT CPU 0 156
# CONTEXT CPU 0 157
CPU 158 0 0
CPU 159 0 0
# CONTEXT CPU 0 160
# CONTEXT CPU 0 161
CPU 162 1 0
CPU 163 1 0
# CONTEXT CPU 0 164
# CONTEXT CPU 0 165
CPU 166 2 0
CPU 167 2 0
# CONTEXT CPU 0 168
# CONTEXT CPU 0 169
CPU 170 0 0
CPU 171 0 0
# CONTEXT CPU 0 172
# CONTEXT CPU 0 173
CPU 174 1 0
CPU 175 1 0
# CONTEXT CPU 0 176
# CONTEXT CPU 0 177
CPU 178 2 0
CPU 179 2 0
# CONTEXT CPU 0 180
# CONTEXT CPU 0 181
CPU 182 0 0
CPU 183 0 0
# CONTEXT CPU 0 184
# CONTEXT CPU 0 185
CPU 186 1 0
CPU 187 1 0
# CONTEXT CPU 0 188
# CONTEXT CPU 0 189
CPU 190 2 0
CPU 191 2 0
# CONTEXT CPU 0 192
# CONTEXT CPU 0 193
CPU 194 0 0
CPU 195 0 0
# CONTEXT CPU 0 196
# CONTEXT CPU 0 197
CPU 198 1 0
CPU 199 1 0
# CONTEXT CPU 0 200
# CONTEXT CPU 0 201
CPU 202 2 0
CPU 203 2 0
# CONTEXT CPU 0 204
# CONTEXT CPU 0 205
CPU 206 0 0
CPU 207 0 0
# CONTEXT CPU 0 208
# CONTEXT CPU 0 209
CPU 210 1 0
CPU 211 1 0
# CONTEXT CPU 0 212
# CONTEXT CPU 0 213
CPU 214 2 0
CPU 215 2 0
# CONTEXT CPU 0 216
# CONTEXT CPU 0 217
CPU 218 0 0
CPU 219 0 0
# CONTEXT CPU 0 220
# CONTEXT CPU 0 221
CPU 222 1 0
CPU 223 1 0
# CONTEXT CPU 0 224
# CONTEXT CPU 0 225
CPU 226 2 0
CPU 227 2 0
# CONTEXT CPU 0 228
# CONTEXT CPU 0 229
CPU 230 0 0
CPU 231 0 0
# CONTEXT CPU 0 232
# CONTEXT CPU 0 233
CPU 234 1 0
CPU 235 1 0
# CONTEXT CPU 0 236
# CONTEXT CPU 0 237
CPU 238 2 0
CPU 239 2 0
# CONTEXT CPU 0 240
# CONTEXT CPU 0 241
CPU 242 0 0
CPU 243 0 0
# CONTEXT CPU 0 244
# CONTEXT CPU 0 245
CPU 246 1 0
CPU 247 1 0
# CONTEXT CPU 0 248
# CONTEXT CPU 0 249
CPU 250 2 0
CPU 251 2 0
# CONTEXT CPU 0 252
# CONTEXT CPU 0 253
CPU 254 0 0
CPU 255 0 0
# CONTEXT CPU 0 256
# CONTEXT CPU 0 257
CPU 258 1 0
CPU 259 1 0
# CONTEXT CPU 0 260
# CONTEXT CPU 0 261
CPU 262 2 0
CPU 263 2 0
# CONTEXT CPU 0 264
# CONTEXT CPU 0 265
CPU 266 0 0
CPU 267 0 0
# CONTEXT CPU 0 268
# CONTEXT CPU 0 269
CPU 270 1 0
CPU 271 1 0
# CONTEXT CPU 0 272
# CONTEXT CPU 0 273
CPU 274 2 0
CPU 275 2 0
# CONTEXT CPU 0 276
# CONTEXT CPU 0 277
CPU 278 0 0
CPU 279 0 0
# CONTEXT CPU 0 280
# CONTEXT CPU 0 281
CPU 282 1 0
CPU 283 1 0
# CONTEXT CPU 0 284
# CONTEXT CPU 0 285
CPU 286 2 0
CPU 287 2 0
# CONTEXT CPU 0 288
# CONTEXT CPU 0 289
CPU 290 0 0
CPU 291 0 0
# CONTEXT CPU 0 292
# CONTEXT CPU 0 293
CPU 294 1 0
CPU 295 1 0
# CONTEXT CPU 0 296
# CONTEXT CPU 0 297
CPU 298 2 0
CPU 299 2 0
# CONTEXT CPU 0 300
# CONTEXT CPU 0 301
CPU 302 0 0
CPU 303 0 0
# CONTEXT CPU 0 304
# CONTEXT CPU 0 305
CPU 306 1 0
CPU 307 1 0
# CONTEXT CPU 0 308
# CONTEXT CPU 0 309
CPU 310 2 0
CPU 311 2 0
# CONTEXT CPU 0 312
# CONTEXT CPU 0 313
CPU 314 0 0
CPU 315 0 0
# CONTEXT CPU 0 316
# CONTEXT CPU 0 317
CPU 318 1 0
CPU 319 1 0
# CONTEXT CPU 0 320
# CONTEXT CPU 0 321
CPU 322 2 0
CPU 323 2 0
# CONTEXT CPU 0 324
# CONTEXT CPU 0 325
CPU 326 0 0
CPU 327 0 0
# CONTEXT CPU 0 328
# CONTEXT CPU 0 329
CPU 330 1 0
CPU 331 1 0
# CONTEXT CPU 0 332
# CONTEXT CPU 0 333
CPU 334 2 0
CPU 335 2 0
# CONTEXT CPU 0 336
# CONTEXT CPU 0 337
CPU 338 0 0
CPU 339 0 0
# CONTEXT CPU 0 340
# CONTEXT CPU 0 341
CPU 342 1 0
CPU 343 1 0
# CONTEXT CPU 0 344
# CONTEXT CPU 0 345
CPU 346 2 0
CPU 347 2 0
# CONTEXT CPU 0 348
# CONTEXT CPU 0 349
CPU 350 0 0
CPU 351 0 0
# CONTEXT CPU 0 352
# CONTEXT CPU 0 353
CPU 354 1 0
CPU 355 1 0
# CONTEXT CPU 0 356
# CONTEXT CPU 0 357
CPU 358 2 0
CPU 359 2 0
# CONTEXT CPU 0 360
# CONTEXT CPU 0 361
CPU 362 0 0
CPU 363 0 0
# CONTEXT CPU 0 364
# CONTEXT CPU 0 365
CPU 366 1 0
CPU 367 1 0
# CONTEXT CPU 0 368
# CONTEXT CPU 0 369
CPU 370 2 0
CPU 371 2 0
# CONTEXT CPU 0 372
# CONTEXT CPU 0 373
CPU 374 0 0
CPU 375 0 0
# CONTEXT CPU 0 376
# CONTEXT CPU 0 377
CPU 378 1 0
CPU 379 1 0
# CONTEXT CPU 0 380
# CONTEXT CPU 0 381
CPU 382 2 0
CPU 383 2 0
# CONTEXT CPU 0 384
# CONTEXT CPU 0 385
CPU 386 0 0
CPU 387 0 0
# CONTEXT CPU 0 388
# CONTEXT CPU 0 389
CPU 390 1 0
CPU 391 1 0
# CONTEXT CPU 0 392
# CONTEXT CPU 0 393
CPU 394 2 0
CPU 395 2 0
# CONTEXT CPU 0 396
# CONTEXT CPU 0 397
CPU 398 0 0
CPU 399 0 0
# CONTEXT CPU 0 400
# CONTEXT CPU 0 401
CPU 402 1 0
CPU 403 1 0
# CONTEXT CPU 0 404
# CONTEXT CPU 0 405
CPU 406 2 0
CPU 407 2 0
# CONTEXT CPU 0 408
# CONTEXT CPU 0 409
CPU 410 0 0
CPU 411 0 0
# CONTEXT CPU 0 412
# CONTEXT CPU 0 413
CPU 414 1 0
CPU 415 1 0
# CONTEXT CPU 0 416
# CONTEXT CPU 0 417
CPU 418 2 0
CPU 419 2 0
# CONTEXT CPU 0 420
# CONTEXT CPU 0 421
CPU 422 0 0
CPU 423 0 0
# CONTEXT CPU 0 424
# CONTEXT CPU 0 425
CPU 426 1 0
CPU 427 1 0
# CONTEXT CPU 0 428
# CONTEXT CPU 0 429
CPU 430 2 0
CPU 431 2 0
# CONTEXT CPU 0 432
# CONTEXT CPU 0 433
CPU 434 0 0
CPU 435 0 0
# CONTEXT CPU 0 436
# CONTEXT CPU 0 437
CPU 438 1 0
CPU 439 1 0
# CONTEXT CPU 0 440
# CONTEXT CPU 0 441
CPU 442 2 0
CPU 443 2 0
# CONTEXT CPU 0 444
# CONTEXT CPU 0 445
CPU 446 0 0
EXIT 447 0 0
# CONTEXT CPU 0 447
# CONTEXT CPU 0 448
CPU 449 1 0
EXIT 450 1 0
# CONTEXT CPU 0 450
# CONTEXT CPU 0 451
CPU 452 2 0
EXIT 453 2 0
CPU 453 -1 0
