# SETTINGS ./simusched lotes/loteEj2.tsk 2 5 2 SchedFCFS
LOAD 0 0
LOAD 0 1
LOAD 0 2
LOAD 0 3
# CONTEXT CPU 0 0
# CONTEXT CPU 1 0
# CONTEXT CPU 0 1
# CONTEXT CPU 1 1
# CONTEXT CPU 0 2
# CONTEXT CPU 1 2
# CONTEXT CPU 0 3
# CONTEXT CPU 1 3
# CONTEXT CPU 0 4
# CONTEXT CPU 1 4
CPU 5 0 0
CPU 5 1 1
BLOCK 6 1
CPU 6 0 0
CPU 6 1 1
BLOCK 7 1
CPU 7 0 0
CPU 7 1 1
BLOCK 8 1
CPU 8 0 0
CPU 8 1 1
BLOCK 9 1
CPU 9 0 0
CPU 9 1 1
BLOCK 10 1
UNBLOCK 10 1
CPU 10 0 0
CPU 10 1 1
BLOCK 11 1
CPU 11 0 0
CPU 11 1 1
BLOCK 12 1
CPU 12 0 0
CPU 12 1 1
BLOCK 13 1
UNBLOCK 13 1
CPU 13 0 0
CPU 13 1 1
BLOCK 14 1
CPU 14 0 0
CPU 14 1 1
BLOCK 15 1
CPU 15 0 0
CPU 15 1 1
BLOCK 16 1
CPU 16 0 0
CPU 16 1 1
BLOCK 17 1
UNBLOCK 17 1
CPU 17 0 0
CPU 17 1 1
BLOCK 18 1
CPU 18 0 0
CPU 18 1 1
BLOCK 19 1
CPU 19 0 0
CPU 19 1 1
BLOCK 20 1
CPU 20 0 0
CPU 20 1 1
BLOCK 21 1
UNBLOCK 21 1
CPU 21 0 0
CPU 21 1 1
BLOCK 22 1
CPU 22 0 0
CPU 22 1 1
BLOCK 23 1
UNBLOCK 23 1
CPU 23 0 0
CPU 23 1 1
BLOCK 24 1
CPU 24 0 0
CPU 24 1 1
BLOCK 25 1
CPU 25 0 0
CPU 25 1 1
BLOCK 26 1
UNBLOCK 26 1
CPU 26 0 0
CPU 26 1 1
BLOCK 27 1
CPU 27 0 0
CPU 27 1 1
BLOCK 28 1
CPU 28 0 0
CPU 28 1 1
BLOCK 29 1
CPU 29 0 0
CPU 29 1 1
BLOCK 30 1
UNBLOCK 30 1
CPU 30 0 0
CPU 30 1 1
BLOCK 31 1
CPU 31 0 0
CPU 31 1 1
BLOCK 32 1
CPU 32 0 0
CPU 32 1 1
BLOCK 33 1
CPU 33 0 0
CPU 33 1 1
BLOCK 34 1
CPU 34 0 0
CPU 34 1 1
BLOCK 35 1
UNBLOCK 35 1
CPU 35 0 0
CPU 35 1 1
BLOCK 36 1
CPU 36 0 0
CPU 36 1 1
BLOCK 37 1
CPU 37 0 0
CPU 37 1 1
BLOCK 38 1
CPU 38 0 0
CPU 38 1 1
BLOCK 39 1
UNBLOCK 39 1
CPU 39 0 0
CPU 39 1 1
BLOCK 40 1
CPU 40 0 0
CPU 40 1 1
BLOCK 41 1
CPU 41 0 0
CPU 41 1 1
BLOCK 42 1
UNBLOCK 42 1
CPU 42 0 0
CPU 42 1 1
EXIT 43 1 1
CPU 43 0 0
# CONTEXT CPU 1 43
CPU 44 0 0
# CONTEXT CPU 1 44
CPU 45 0 0
# CONTEXT CPU 1 45
CPU 46 0 0
# CONTEXT CPU 1 46
CPU 47 0 0
# CONTEXT CPU 1 47
CPU 48 0 0
CPU 48 2 1
BLOCK 49 2
CPU 49 0 0
CPU 49 2 1
BLOCK 50 2
CPU 50 0 0
CPU 50 2 1
BLOCK 51 2
CPU 51 0 0
CPU 51 2 1
BLOCK 52 2
CPU 52 0 0
CPU 52 2 1
BLOCK 53 2
UNBLOCK 53 2
CPU 53 0 0
CPU 53 2 1
BLOCK 54 2
CPU 54 0 0
CPU 54 2 1
BLOCK 55 2
CPU 55 0 0
CPU 55 2 1
BLOCK 56 2
UNBLOCK 56 2
CPU 56 0 0
CPU 56 2 1
BLOCK 57 2
CPU 57 0 0
CPU 57 2 1
BLOCK 58 2
CPU 58 0 0
CPU 58 2 1
BLOCK 59 2
CPU 59 0 0
CPU 59 2 1
BLOCK 60 2
UNBLOCK 60 2
CPU 60 0 0
CPU 60 2 1
BLOCK 61 2
CPU 61 0 0
CPU 61 2 1
BLOCK 62 2
CPU 62 0 0
CPU 62 2 1
BLOCK 63 2
CPU 63 0 0
CPU 63 2 1
BLOCK 64 2
UNBLOCK 64 2
CPU 64 0 0
CPU 64 2 1
BLOCK 65 2
CPU 65 0 0
CPU 65 2 1
BLOCK 66 2
UNBLOCK 66 2
CPU 66 0 0
CPU 66 2 1
BLOCK 67 2
CPU 67 0 0
CPU 67 2 1
BLOCK 68 2
CPU 68 0 0
CPU 68 2 1
BLOCK 69 2
UNBLOCK 69 2
CPU 69 0 0
CPU 69 2 1
BLOCK 70 2
CPU 70 0 0
CPU 70 2 1
BLOCK 71 2
CPU 71 0 0
CPU 71 2 1
BLOCK 72 2
CPU 72 0 0
CPU 72 2 1
BLOCK 73 2
UNBLOCK 73 2
CPU 73 0 0
CPU 73 2 1
BLOCK 74 2
CPU 74 0 0
CPU 74 2 1
BLOCK 75 2
CPU 75 0 0
CPU 75 2 1
BLOCK 76 2
CPU 76 0 0
CPU 76 2 1
BLOCK 77 2
CPU 77 0 0
CPU 77 2 1
BLOCK 78 2
UNBLOCK 78 2
CPU 78 0 0
CPU 78 2 1
BLOCK 79 2
CPU 79 0 0
CPU 79 2 1
BLOCK 80 2
CPU 80 0 0
CPU 80 2 1
BLOCK 81 2
CPU 81 0 0
CPU 81 2 1
BLOCK 82 2
UNBLOCK 82 2
CPU 82 0 0
CPU 82 2 1
BLOCK 83 2
CPU 83 0 0
CPU 83 2 1
BLOCK 84 2
CPU 84 0 0
CPU 84 2 1
BLOCK 85 2
UNBLOCK 85 2
CPU 85 0 0
CPU 85 2 1
BLOCK 86 2
CPU 86 0 0
CPU 86 2 1
BLOCK 87 2
CPU 87 0 0
CPU 87 2 1
BLOCK 88 2
CPU 88 0 0
CPU 88 2 1
BLOCK 89 2
UNBLOCK 89 2
CPU 89 0 0
CPU 89 2 1
BLOCK 90 2
CPU 90 0 0
CPU 90 2 1
BLOCK 91 2
UNBLOCK 91 2
CPU 91 0 0
CPU 91 2 1
BLOCK 92 2
CPU 92 0 0
CPU 92 2 1
BLOCK 93 2
CPU 93 0 0
CPU 93 2 1
BLOCK 94 2
CPU 94 0 0
CPU 94 2 1
BLOCK 95 2
UNBLOCK 95 2
CPU 95 0 0
CPU 95 2 1
BLOCK 96 2
CPU 96 0 0
CPU 96 2 1
BLOCK 97 2
UNBLOCK 97 2
CPU 97 0 0
CPU 97 2 1
BLOCK 98 2
CPU 98 0 0
CPU 98 2 1
BLOCK 99 2
CPU 99 0 0
CPU 99 2 1
BLOCK 100 2
CPU 100 0 0
CPU 100 2 1
BLOCK 101 2
CPU 101 0 0
CPU 101 2 1
BLOCK 102 2
UNBLOCK 102 2
CPU 102 0 0
CPU 102 2 1
BLOCK 103 2
CPU 103 0 0
CPU 103 2 1
BLOCK 104 2
CPU 104 0 0
CPU 104 2 1
BLOCK 105 2
CPU 105 0 0
CPU 105 2 1
BLOCK 106 2
CPU 106 0 0
CPU 106 2 1
BLOCK 107 2
UNBLOCK 107 2
CPU 107 0 0
CPU 107 2 1
BLOCK 108 2
CPU 108 0 0
CPU 108 2 1
BLOCK 109 2
CPU 109 0 0
CPU 109 2 1
BLOCK 110 2
CPU 110 0 0
CPU 110 2 1
BLOCK 111 2
CPU 111 0 0
CPU 111 2 1
BLOCK 112 2
UNBLOCK 112 2
CPU 112 0 0
CPU 112 2 1
BLOCK 113 2
CPU 113 0 0
CPU 113 2 1
BLOCK 114 2
CPU 114 0 0
CPU 114 2 1
BLOCK 115 2
CPU 115 0 0
CPU 115 2 1
BLOCK 116 2
UNBLOCK 116 2
CPU 116 0 0
CPU 116 2 1
BLOCK 117 2
CPU 117 0 0
CPU 117 2 1
BLOCK 118 2
UNBLOCK 118 2
CPU 118 0 0
CPU 118 2 1
BLOCK 119 2
CPU 119 0 0
CPU 119 2 1
BLOCK 120 2
CPU 120 0 0
CPU 120 2 1
BLOCK 121 2
CPU 121 0 0
CPU 121 2 1
BLOCK 122 2
CPU 122 0 0
CPU 122 2 1
BLOCK 123 2
UNBLOCK 123 2
CPU 123 0 0
CPU 123 2 1
EXIT 124 2 1
CPU 124 0 0
# CONTEXT CPU 1 124
CPU 125 0 0
# CONTEXT CPU 1 125
CPU 126 0 0
# CONTEXT CPU 1 126
CPU 127 0 0
# CONTEXT CPU 1 127
CPU 128 0 0
# CONTEXT CPU 1 128
CPU 129 0 0
CPU 129 3 1
BLOCK 130 3
CPU 130 0 0
CPU 130 3 1
BLOCK 131 3
CPU 131 0 0
CPU 131 3 1
BLOCK 132 3
CPU 132 0 0
CPU 132 3 1
BLOCK 133 3
CPU 133 0 0
CPU 133 3 1
BLOCK 134 3
UNBLOCK 134 3
CPU 134 0 0
CPU 134 3 1
BLOCK 135 3
CPU 135 0 0
CPU 135 3 1
BLOCK 136 3
CPU 136 0 0
CPU 136 3 1
BLOCK 137 3
UNBLOCK 137 3
CPU 137 0 0
CPU 137 3 1
BLOCK 138 3
CPU 138 0 0
CPU 138 3 1
BLOCK 139 3
CPU 139 0 0
CPU 139 3 1
BLOCK 140 3
CPU 140 0 0
CPU 140 3 1
BLOCK 141 3
UNBLOCK 141 3
CPU 141 0 0
CPU 141 3 1
BLOCK 142 3
CPU 142 0 0
CPU 142 3 1
BLOCK 143 3
CPU 143 0 0
CPU 143 3 1
BLOCK 144 3
CPU 144 0 0
CPU 144 3 1
BLOCK 145 3
UNBLOCK 145 3
CPU 145 0 0
CPU 145 3 1
BLOCK 146 3
CPU 146 0 0
CPU 146 3 1
BLOCK 147 3
UNBLOCK 147 3
CPU 147 0 0
CPU 147 3 1
BLOCK 148 3
CPU 148 0 0
CPU 148 3 1
BLOCK 149 3
CPU 149 0 0
CPU 149 3 1
BLOCK 150 3
UNBLOCK 150 3
CPU 150 0 0
CPU 150 3 1
BLOCK 151 3
CPU 151 0 0
CPU 151 3 1
BLOCK 152 3
CPU 152 0 0
CPU 152 3 1
BLOCK 153 3
CPU 153 0 0
CPU 153 3 1
BLOCK 154 3
UNBLOCK 154 3
CPU 154 0 0
CPU 154 3 1
BLOCK 155 3
CPU 155 0 0
CPU 155 3 1
BLOCK 156 3
CPU 156 0 0
CPU 156 3 1
BLOCK 157 3
CPU 157 0 0
CPU 157 3 1
BLOCK 158 3
CPU 158 0 0
CPU 158 3 1
BLOCK 159 3
UNBLOCK 159 3
CPU 159 0 0
CPU 159 3 1
BLOCK 160 3
CPU 160 0 0
CPU 160 3 1
BLOCK 161 3
CPU 161 0 0
CPU 161 3 1
BLOCK 162 3
CPU 162 0 0
CPU 162 3 1
BLOCK 163 3
UNBLOCK 163 3
CPU 163 0 0
CPU 163 3 1
BLOCK 164 3
CPU 164 0 0
CPU 164 3 1
BLOCK 165 3
CPU 165 0 0
CPU 165 3 1
BLOCK 166 3
UNBLOCK 166 3
CPU 166 0 0
CPU 166 3 1
BLOCK 167 3
CPU 167 0 0
CPU 167 3 1
BLOCK 168 3
CPU 168 0 0
CPU 168 3 1
BLOCK 169 3
CPU 169 0 0
CPU 169 3 1
BLOCK 170 3
UNBLOCK 170 3
CPU 170 0 0
CPU 170 3 1
BLOCK 171 3
CPU 171 0 0
CPU 171 3 1
BLOCK 172 3
UNBLOCK 172 3
CPU 172 0 0
CPU 172 3 1
BLOCK 173 3
CPU 173 0 0
CPU 173 3 1
BLOCK 174 3
CPU 174 0 0
CPU 174 3 1
BLOCK 175 3
CPU 175 0 0
CPU 175 3 1
BLOCK 176 3
UNBLOCK 176 3
CPU 176 0 0
CPU 176 3 1
BLOCK 177 3
CPU 177 0 0
CPU 177 3 1
BLOCK 178 3
UNBLOCK 178 3
CPU 178 0 0
CPU 178 3 1
BLOCK 179 3
CPU 179 0 0
CPU 179 3 1
BLOCK 180 3
CPU 180 0 0
CPU 180 3 1
BLOCK 181 3
CPU 181 0 0
CPU 181 3 1
BLOCK 182 3
CPU 182 0 0
CPU 182 3 1
BLOCK 183 3
UNBLOCK 183 3
CPU 183 0 0
CPU 183 3 1
BLOCK 184 3
CPU 184 0 0
CPU 184 3 1
BLOCK 185 3
CPU 185 0 0
CPU 185 3 1
BLOCK 186 3
CPU 186 0 0
CPU 186 3 1
BLOCK 187 3
CPU 187 0 0
CPU 187 3 1
BLOCK 188 3
UNBLOCK 188 3
CPU 188 0 0
CPU 188 3 1
BLOCK 189 3
CPU 189 0 0
CPU 189 3 1
BLOCK 190 3
CPU 190 0 0
CPU 190 3 1
BLOCK 191 3
CPU 191 0 0
CPU 191 3 1
BLOCK 192 3
CPU 192 0 0
CPU 192 3 1
BLOCK 193 3
UNBLOCK 193 3
CPU 193 0 0
CPU 193 3 1
BLOCK 194 3
CPU 194 0 0
CPU 194 3 1
BLOCK 195 3
CPU 195 0 0
CPU 195 3 1
BLOCK 196 3
CPU 196 0 0
CPU 196 3 1
BLOCK 197 3
UNBLOCK 197 3
CPU 197 0 0
CPU 197 3 1
BLOCK 198 3
CPU 198 0 0
CPU 198 3 1
BLOCK 199 3
UNBLOCK 199 3
CPU 199 0 0
CPU 199 3 1
BLOCK 200 3
CPU 200 0 0
CPU 200 3 1
BLOCK 201 3
CPU 201 0 0
CPU 201 3 1
BLOCK 202 3
CPU 202 0 0
CPU 202 3 1
BLOCK 203 3
CPU 203 0 0
CPU 203 3 1
BLOCK 204 3
UNBLOCK 204 3
CPU 204 0 0
CPU 204 3 1
BLOCK 205 3
CPU 205 0 0
CPU 205 3 1
BLOCK 206 3
CPU 206 0 0
CPU 206 3 1
BLOCK 207 3
CPU 207 0 0
CPU 207 3 1
BLOCK 208 3
CPU 208 0 0
CPU 208 3 1
BLOCK 209 3
UNBLOCK 209 3
CPU 209 0 0
CPU 209 3 1
BLOCK 210 3
CPU 210 0 0
CPU 210 3 1
BLOCK 211 3
CPU 211 0 0
CPU 211 3 1
BLOCK 212 3
UNBLOCK 212 3
CPU 212 0 0
CPU 212 3 1
BLOCK 213 3
CPU 213 0 0
CPU 213 3 1
BLOCK 214 3
CPU 214 0 0
CPU 214 3 1
BLOCK 215 3
CPU 215 0 0
CPU 215 3 1
BLOCK 216 3
CPU 216 0 0
CPU 216 3 1
BLOCK 217 3
UNBLOCK 217 3
CPU 217 0 0
CPU 217 3 1
BLOCK 218 3
CPU 218 0 0
CPU 218 3 1
BLOCK 219 3
CPU 219 0 0
CPU 219 3 1
BLOCK 220 3
CPU 220 0 0
CPU 220 3 1
BLOCK 221 3
UNBLOCK 221 3
CPU 221 0 0
CPU 221 3 1
BLOCK 222 3
CPU 222 0 0
CPU 222 3 1
BLOCK 223 3
CPU 223 0 0
CPU 223 3 1
BLOCK 224 3
CPU 224 0 0
CPU 224 3 1
BLOCK 225 3
UNBLOCK 225 3
CPU 225 0 0
CPU 225 3 1
BLOCK 226 3
CPU 226 0 0
CPU 226 3 1
BLOCK 227 3
CPU 227 0 0
CPU 227 3 1
BLOCK 228 3
CPU 228 0 0
CPU 228 3 1
BLOCK 229 3
UNBLOCK 229 3
CPU 229 0 0
CPU 229 3 1
BLOCK 230 3
CPU 230 0 0
CPU 230 3 1
BLOCK 231 3
UNBLOCK 231 3
CPU 231 0 0
CPU 231 3 1
BLOCK 232 3
CPU 232 0 0
CPU 232 3 1
BLOCK 233 3
CPU 233 0 0
CPU 233 3 1
BLOCK 234 3
CPU 234 0 0
CPU 234 3 1
BLOCK 235 3
CPU 235 0 0
CPU 235 3 1
BLOCK 236 3
UNBLOCK 236 3
CPU 236 0 0
CPU 236 3 1
BLOCK 237 3
CPU 237 0 0
CPU 237 3 1
BLOCK 238 3
CPU 238 0 0
CPU 238 3 1
BLOCK 239 3
CPU 239 0 0
CPU 239 3 1
BLOCK 240 3
CPU 240 0 0
CPU 240 3 1
BLOCK 241 3
UNBLOCK 241 3
CPU 241 0 0
CPU 241 3 1
BLOCK 242 3
CPU 242 0 0
CPU 242 3 1
BLOCK 243 3
CPU 243 0 0
CPU 243 3 1
BLOCK 244 3
CPU 244 0 0
CPU 244 3 1
BLOCK 245 3
UNBLOCK 245 3
CPU 245 0 0
CPU 245 3 1
EXIT 246 3 1
CPU 246 0 0
CPU 246 -1 1
CPU 247 0 0
CPU 247 -1 1
CPU 248 0 0
CPU 248 -1 1
CPU 249 0 0
CPU 249 -1 1
CPU 250 0 0
CPU 250 -1 1
CPU 251 0 0
CPU 251 -1 1
CPU 252 0 0
CPU 252 -1 1
CPU 253 0 0
CPU 253 -1 1
CPU 254 0 0
CPU 254 -1 1
CPU 255 0 0
CPU 255 -1 1
CPU 256 0 0
CPU 256 -1 1
CPU 257 0 0
CPU 257 -1 1
CPU 258 0 0
CPU 258 -1 1
CPU 259 0 0
CPU 259 -1 1
CPU 260 0 0
CPU 260 -1 1
CPU 261 0 0
CPU 261 -1 1
CPU 262 0 0
CPU 262 -1 1
CPU 263 0 0
CPU 263 -1 1
CPU 264 0 0
CPU 264 -1 1
CPU 265 0 0
CPU 265 -1 1
CPU 266 0 0
CPU 266 -1 1
CPU 267 0 0
CPU 267 -1 1
CPU 268 0 0
CPU 268 -1 1
CPU 269 0 0
CPU 269 -1 1
CPU 270 0 0
CPU 270 -1 1
CPU 271 0 0
CPU 271 -1 1
CPU 272 0 0
CPU 272 -1 1
CPU 273 0 0
CPU 273 -1 1
CPU 274 0 0
CPU 274 -1 1
CPU 275 0 0
CPU 275 -1 1
CPU 276 0 0
CPU 276 -1 1
CPU 277 0 0
CPU 277 -1 1
CPU 278 0 0
CPU 278 -1 1
CPU 279 0 0
CPU 279 -1 1
CPU 280 0 0
CPU 280 -1 1
CPU 281 0 0
CPU 281 -1 1
CPU 282 0 0
CPU 282 -1 1
CPU 283 0 0
CPU 283 -1 1
CPU 284 0 0
CPU 284 -1 1
CPU 285 0 0
CPU 285 -1 1
CPU 286 0 0
CPU 286 -1 1
CPU 287 0 0
CPU 287 -1 1
CPU 288 0 0
CPU 288 -1 1
CPU 289 0 0
CPU 289 -1 1
CPU 290 0 0
CPU 290 -1 1
CPU 291 0 0
CPU 291 -1 1
CPU 292 0 0
CPU 292 -1 1
CPU 293 0 0
CPU 293 -1 1
CPU 294 0 0
CPU 294 -1 1
CPU 295 0 0
CPU 295 -1 1
CPU 296 0 0
CPU 296 -1 1
CPU 297 0 0
CPU 297 -1 1
CPU 298 0 0
CPU 298 -1 1
CPU 299 0 0
CPU 299 -1 1
CPU 300 0 0
CPU 300 -1 1
CPU 301 0 0
CPU 301 -1 1
CPU 302 0 0
CPU 302 -1 1
CPU 303 0 0
CPU 303 -1 1
CPU 304 0 0
CPU 304 -1 1
CPU 305 0 0
CPU 305 -1 1
CPU 306 0 0
CPU 306 -1 1
CPU 307 0 0
CPU 307 -1 1
CPU 308 0 0
CPU 308 -1 1
CPU 309 0 0
CPU 309 -1 1
CPU 310 0 0
CPU 310 -1 1
CPU 311 0 0
CPU 311 -1 1
CPU 312 0 0
CPU 312 -1 1
CPU 313 0 0
CPU 313 -1 1
CPU 314 0 0
CPU 314 -1 1
CPU 315 0 0
CPU 315 -1 1
CPU 316 0 0
CPU 316 -1 1
CPU 317 0 0
CPU 317 -1 1
CPU 318 0 0
CPU 318 -1 1
CPU 319 0 0
CPU 319 -1 1
CPU 320 0 0
CPU 320 -1 1
CPU 321 0 0
CPU 321 -1 1
CPU 322 0 0
CPU 322 -1 1
CPU 323 0 0
CPU 323 -1 1
CPU 324 0 0
CPU 324 -1 1
CPU 325 0 0
CPU 325 -1 1
CPU 326 0 0
CPU 326 -1 1
CPU 327 0 0
CPU 327 -1 1
CPU 328 0 0
CPU 328 -1 1
CPU 329 0 0
CPU 329 -1 1
CPU 330 0 0
CPU 330 -1 1
CPU 331 0 0
CPU 331 -1 1
CPU 332 0 0
CPU 332 -1 1
CPU 333 0 0
CPU 333 -1 1
CPU 334 0 0
CPU 334 -1 1
CPU 335 0 0
CPU 335 -1 1
CPU 336 0 0
CPU 336 -1 1
CPU 337 0 0
CPU 337 -1 1
CPU 338 0 0
CPU 338 -1 1
CPU 339 0 0
CPU 339 -1 1
CPU 340 0 0
CPU 340 -1 1
CPU 341 0 0
CPU 341 -1 1
CPU 342 0 0
CPU 342 -1 1
CPU 343 0 0
CPU 343 -1 1
CPU 344 0 0
CPU 344 -1 1
CPU 345 0 0
CPU 345 -1 1
CPU 346 0 0
CPU 346 -1 1
CPU 347 0 0
CPU 347 -1 1
CPU 348 0 0
CPU 348 -1 1
CPU 349 0 0
CPU 349 -1 1
CPU 350 0 0
CPU 350 -1 1
CPU 351 0 0
CPU 351 -1 1
CPU 352 0 0
CPU 352 -1 1
CPU 353 0 0
CPU 353 -1 1
CPU 354 0 0
CPU 354 -1 1
CPU 355 0 0
CPU 355 -1 1
CPU 356 0 0
CPU 356 -1 1
CPU 357 0 0
CPU 357 -1 1
CPU 358 0 0
CPU 358 -1 1
CPU 359 0 0
CPU 359 -1 1
CPU 360 0 0
CPU 360 -1 1
CPU 361 0 0
CPU 361 -1 1
CPU 362 0 0
CPU 362 -1 1
CPU 363 0 0
CPU 363 -1 1
CPU 364 0 0
CPU 364 -1 1
CPU 365 0 0
CPU 365 -1 1
CPU 366 0 0
CPU 366 -1 1
CPU 367 0 0
CPU 367 -1 1
CPU 368 0 0
CPU 368 -1 1
CPU 369 0 0
CPU 369 -1 1
CPU 370 0 0
CPU 370 -1 1
CPU 371 0 0
CPU 371 -1 1
CPU 372 0 0
CPU 372 -1 1
CPU 373 0 0
CPU 373 -1 1
CPU 374 0 0
CPU 374 -1 1
CPU 375 0 0
CPU 375 -1 1
CPU 376 0 0
CPU 376 -1 1
CPU 377 0 0
CPU 377 -1 1
CPU 378 0 0
CPU 378 -1 1
CPU 379 0 0
CPU 379 -1 1
CPU 380 0 0
CPU 380 -1 1
CPU 381 0 0
CPU 381 -1 1
CPU 382 0 0
CPU 382 -1 1
CPU 383 0 0
CPU 383 -1 1
CPU 384 0 0
CPU 384 -1 1
CPU 385 0 0
CPU 385 -1 1
CPU 386 0 0
CPU 386 -1 1
CPU 387 0 0
CPU 387 -1 1
CPU 388 0 0
CPU 388 -1 1
CPU 389 0 0
CPU 389 -1 1
CPU 390 0 0
CPU 390 -1 1
CPU 391 0 0
CPU 391 -1 1
CPU 392 0 0
CPU 392 -1 1
CPU 393 0 0
CPU 393 -1 1
CPU 394 0 0
CPU 394 -1 1
CPU 395 0 0
CPU 395 -1 1
CPU 396 0 0
CPU 396 -1 1
CPU 397 0 0
CPU 397 -1 1
CPU 398 0 0
CPU 398 -1 1
CPU 399 0 0
CPU 399 -1 1
CPU 400 0 0
CPU 400 -1 1
CPU 401 0 0
CPU 401 -1 1
CPU 402 0 0
CPU 402 -1 1
CPU 403 0 0
CPU 403 -1 1
CPU 404 0 0
CPU 404 -1 1
CPU 405 0 0
CPU 405 -1 1
CPU 406 0 0
CPU 406 -1 1
CPU 407 0 0
CPU 407 -1 1
CPU 408 0 0
CPU 408 -1 1
CPU 409 0 0
CPU 409 -1 1
CPU 410 0 0
CPU 410 -1 1
CPU 411 0 0
CPU 411 -1 1
CPU 412 0 0
CPU 412 -1 1
CPU 413 0 0
CPU 413 -1 1
CPU 414 0 0
CPU 414 -1 1
CPU 415 0 0
CPU 415 -1 1
CPU 416 0 0
CPU 416 -1 1
CPU 417 0 0
CPU 417 -1 1
CPU 418 0 0
CPU 418 -1 1
CPU 419 0 0
CPU 419 -1 1
CPU 420 0 0
CPU 420 -1 1
CPU 421 0 0
CPU 421 -1 1
CPU 422 0 0
CPU 422 -1 1
CPU 423 0 0
CPU 423 -1 1
CPU 424 0 0
CPU 424 -1 1
CPU 425 0 0
CPU 425 -1 1
CPU 426 0 0
CPU 426 -1 1
CPU 427 0 0
CPU 427 -1 1
CPU 428 0 0
CPU 428 -1 1
CPU 429 0 0
CPU 429 -1 1
CPU 430 0 0
CPU 430 -1 1
CPU 431 0 0
CPU 431 -1 1
CPU 432 0 0
CPU 432 -1 1
CPU 433 0 0
CPU 433 -1 1
CPU 434 0 0
CPU 434 -1 1
CPU 435 0 0
CPU 435 -1 1
CPU 436 0 0
CPU 436 -1 1
CPU 437 0 0
CPU 437 -1 1
CPU 438 0 0
CPU 438 -1 1
CPU 439 0 0
CPU 439 -1 1
CPU 440 0 0
CPU 440 -1 1
CPU 441 0 0
CPU 441 -1 1
CPU 442 0 0
CPU 442 -1 1
CPU 443 0 0
CPU 443 -1 1
CPU 444 0 0
CPU 444 -1 1
CPU 445 0 0
CPU 445 -1 1
CPU 446 0 0
CPU 446 -1 1
CPU 447 0 0
CPU 447 -1 1
CPU 448 0 0
CPU 448 -1 1
CPU 449 0 0
CPU 449 -1 1
CPU 450 0 0
CPU 450 -1 1
CPU 451 0 0
CPU 451 -1 1
CPU 452 0 0
CPU 452 -1 1
CPU 453 0 0
CPU 453 -1 1
CPU 454 0 0
CPU 454 -1 1
CPU 455 0 0
CPU 455 -1 1
CPU 456 0 0
CPU 456 -1 1
CPU 457 0 0
CPU 457 -1 1
CPU 458 0 0
CPU 458 -1 1
CPU 459 0 0
CPU 459 -1 1
CPU 460 0 0
CPU 460 -1 1
CPU 461 0 0
CPU 461 -1 1
CPU 462 0 0
CPU 462 -1 1
CPU 463 0 0
CPU 463 -1 1
CPU 464 0 0
CPU 464 -1 1
CPU 465 0 0
CPU 465 -1 1
CPU 466 0 0
CPU 466 -1 1
CPU 467 0 0
CPU 467 -1 1
CPU 468 0 0
CPU 468 -1 1
CPU 469 0 0
CPU 469 -1 1
CPU 470 0 0
CPU 470 -1 1
CPU 471 0 0
CPU 471 -1 1
CPU 472 0 0
CPU 472 -1 1
CPU 473 0 0
CPU 473 -1 1
CPU 474 0 0
CPU 474 -1 1
CPU 475 0 0
CPU 475 -1 1
CPU 476 0 0
CPU 476 -1 1
CPU 477 0 0
CPU 477 -1 1
CPU 478 0 0
CPU 478 -1 1
CPU 479 0 0
CPU 479 -1 1
CPU 480 0 0
CPU 480 -1 1
CPU 481 0 0
CPU 481 -1 1
CPU 482 0 0
CPU 482 -1 1
CPU 483 0 0
CPU 483 -1 1
CPU 484 0 0
CPU 484 -1 1
CPU 485 0 0
CPU 485 -1 1
CPU 486 0 0
CPU 486 -1 1
CPU 487 0 0
CPU 487 -1 1
CPU 488 0 0
CPU 488 -1 1
CPU 489 0 0
CPU 489 -1 1
CPU 490 0 0
CPU 490 -1 1
CPU 491 0 0
CPU 491 -1 1
CPU 492 0 0
CPU 492 -1 1
CPU 493 0 0
CPU 493 -1 1
CPU 494 0 0
CPU 494 -1 1
CPU 495 0 0
CPU 495 -1 1
CPU 496 0 0
CPU 496 -1 1
CPU 497 0 0
CPU 497 -1 1
CPU 498 0 0
CPU 498 -1 1
CPU 499 0 0
CPU 499 -1 1
CPU 500 0 0
CPU 500 -1 1
CPU 501 0 0
CPU 501 -1 1
CPU 502 0 0
CPU 502 -1 1
CPU 503 0 0
CPU 503 -1 1
CPU 504 0 0
CPU 504 -1 1
CPU 505 0 0
CPU 505 -1 1
EXIT 506 0 0
CPU 506 -1 0
CPU 506 -1 1
