# SETTINGS ./simusched lotes/loteEj3.tsk 1 5 0 SchedFCFS
LOAD 0 0
LOAD 0 1
LOAD 0 2
LOAD 0 3
# CONTEXT CPU 0 0
# CONTEXT CPU 0 1
# CONTEXT CPU 0 2
# CONTEXT CPU 0 3
# CONTEXT CPU 0 4
CPU 5 0 0
CPU 6 0 0
CPU 7 0 0
CPU 8 0 0
CPU 9 0 0
CPU 10 0 0
CPU 11 0 0
CPU 12 0 0
BLOCK 13 0
CPU 13 0 0
BLOCK 14 0
CPU 14 0 0
BLOCK 15 0
UNBLOCK 15 0
CPU 15 0 0
CPU 16 0 0
CPU 17 0 0
BLOCK 18 0
CPU 18 0 0
BLOCK 19 0
CPU 19 0 0
BLOCK 20 0
UNBLOCK 20 0
CPU 20 0 0
CPU 21 0 0
CPU 22 0 0
CPU 23 0 0
CPU 24 0 0
CPU 25 0 0
BLOCK 26 0
CPU 26 0 0
BLOCK 27 0
CPU 27 0 0
BLOCK 28 0
UNBLOCK 28 0
CPU 28 0 0
BLOCK 29 0
CPU 29 0 0
BLOCK 30 0
CPU 30 0 0
BLOCK 31 0
UNBLOCK 31 0
CPU 31 0 0
BLOCK 32 0
CPU 32 0 0
BLOCK 33 0
CPU 33 0 0
BLOCK 34 0
UNBLOCK 34 0
CPU 34 0 0
CPU 35 0 0
EXIT 36 0 0
# CONTEXT CPU 0 36
# CONTEXT CPU 0 37
# CONTEXT CPU 0 38
# CONTEXT CPU 0 39
# CONTEXT CPU 0 40
CPU 41 1 0
CPU 42 1 0
CPU 43 1 0
CPU 44 1 0
BLOCK 45 1
CPU 45 1 0
BLOCK 46 1
CPU 46 1 0
BLOCK 47 1
UNBLOCK 47 1
CPU 47 1 0
BLOCK 48 1
CPU 48 1 0
BLOCK 49 1
CPU 49 1 0
BLOCK 50 1
UNBLOCK 50 1
CPU 50 1 0
EXIT 51 1 0
# CONTEXT CPU 0 51
# CONTEXT CPU 0 52
# CONTEXT CPU 0 53
# CONTEXT CPU 0 54
# CONTEXT CPU 0 55
CPU 56 2 0
BLOCK 57 2
CPU 57 2 0
BLOCK 58 2
CPU 58 2 0
BLOCK 59 2
UNBLOCK 59 2
CPU 59 2 0
BLOCK 60 2
CPU 60 2 0
BLOCK 61 2
CPU 61 2 0
BLOCK 62 2
UNBLOCK 62 2
CPU 62 2 0
BLOCK 63 2
CPU 63 2 0
BLOCK 64 2
CPU 64 2 0
BLOCK 65 2
UNBLOCK 65 2
CPU 65 2 0
BLOCK 66 2
CPU 66 2 0
BLOCK 67 2
CPU 67 2 0
BLOCK 68 2
UNBLOCK 68 2
CPU 68 2 0
BLOCK 69 2
CPU 69 2 0
BLOCK 70 2
CPU 70 2 0
BLOCK 71 2
UNBLOCK 71 2
CPU 71 2 0
BLOCK 72 2
CPU 72 2 0
BLOCK 73 2
CPU 73 2 0
BLOCK 74 2
UNBLOCK 74 2
CPU 74 2 0
BLOCK 75 2
CPU 75 2 0
BLOCK 76 2
CPU 76 2 0
BLOCK 77 2
UNBLOCK 77 2
CPU 77 2 0
BLOCK 78 2
CPU 78 2 0
BLOCK 79 2
CPU 79 2 0
BLOCK 80 2
UNBLOCK 80 2
CPU 80 2 0
BLOCK 81 2
CPU 81 2 0
BLOCK 82 2
CPU 82 2 0
BLOCK 83 2
UNBLOCK 83 2
CPU 83 2 0
BLOCK 84 2
CPU 84 2 0
BLOCK 85 2
CPU 85 2 0
BLOCK 86 2
UNBLOCK 86 2
CPU 86 2 0
EXIT 87 2 0
# CONTEXT CPU 0 87
# CONTEXT CPU 0 88
# CONTEXT CPU 0 89
# CONTEXT CPU 0 90
# CONTEXT CPU 0 91
CPU 92 3 0
BLOCK 93 3
CPU 93 3 0
BLOCK 94 3
CPU 94 3 0
BLOCK 95 3
UNBLOCK 95 3
CPU 95 3 0
CPU 96 3 0
CPU 97 3 0
CPU 98 3 0
CPU 99 3 0
CPU 100 3 0
CPU 101 3 0
CPU 102 3 0
CPU 103 3 0
CPU 104 3 0
CPU 105 3 0
CPU 106 3 0
CPU 107 3 0
CPU 108 3 0
CPU 109 3 0
EXIT 110 3 0
CPU 110 -1 0
