# SETTINGS ./simusched lotes/loteEj5.tsk 1 2 0 SchedRR 10
LOAD 0 0
LOAD 0 1
LOAD 0 2
LOAD 0 3
LOAD 0 4
# CONTEXT CPU 0 0
# CONTEXT CPU 0 1
CPU 2 0 0
CPU 3 0 0
CPU 4 0 0
CPU 5 0 0
CPU 6 0 0
CPU 7 0 0
CPU 8 0 0
CPU 9 0 0
CPU 10 0 0
CPU 11 0 0
# CONTEXT CPU 0 12
# CONTEXT CPU 0 13
CPU 14 1 0
CPU 15 1 0
CPU 16 1 0
CPU 17 1 0
CPU 18 1 0
CPU 19 1 0
CPU 20 1 0
CPU 21 1 0
CPU 22 1 0
CPU 23 1 0
# CONTEXT CPU 0 24
# CONTEXT CPU 0 25
CPU 26 2 0
CPU 27 2 0
CPU 28 2 0
CPU 29 2 0
CPU 30 2 0
CPU 31 2 0
CPU 32 2 0
CPU 33 2 0
CPU 34 2 0
CPU 35 2 0
# CONTEXT CPU 0 36
# CONTEXT CPU 0 37
CPU 38 3 0
BLOCK 39 3
# CONTEXT CPU 0 39
# CONTEXT CPU 0 40
CPU 41 4 0
BLOCK 42 4
UNBLOCK 42 3
# CONTEXT CPU 0 42
# CONTEXT CPU 0 43
CPU 44 0 0
UNBLOCK 45 4
CPU 45 0 0
CPU 46 0 0
CPU 47 0 0
CPU 48 0 0
CPU 49 0 0
CPU 50 0 0
CPU 51 0 0
CPU 52 0 0
CPU 53 0 0
# CONTEXT CPU 0 54
# CONTEXT CPU 0 55
CPU 56 1 0
CPU 57 1 0
CPU 58 1 0
CPU 59 1 0
CPU 60 1 0
CPU 61 1 0
CPU 62 1 0
CPU 63 1 0
CPU 64 1 0
CPU 65 1 0
# CONTEXT CPU 0 66
# CONTEXT CPU 0 67
CPU 68 2 0
CPU 69 2 0
CPU 70 2 0
CPU 71 2 0
CPU 72 2 0
CPU 73 2 0
CPU 74 2 0
CPU 75 2 0
CPU 76 2 0
CPU 77 2 0
# CONTEXT CPU 0 78
# CONTEXT CPU 0 79
CPU 80 3 0
BLOCK 81 3
# CONTEXT CPU 0 81
# CONTEXT CPU 0 82
CPU 83 4 0
BLOCK 84 4
UNBLOCK 84 3
# CONTEXT CPU 0 84
# CONTEXT CPU 0 85
CPU 86 0 0
UNBLOCK 87 4
CPU 87 0 0
CPU 88 0 0
CPU 89 0 0
CPU 90 0 0
CPU 91 0 0
CPU 92 0 0
CPU 93 0 0
CPU 94 0 0
CPU 95 0 0
# CONTEXT CPU 0 96
# CONTEXT CPU 0 97
CPU 98 1 0
CPU 99 1 0
CPU 100 1 0
CPU 101 1 0
CPU 102 1 0
CPU 103 1 0
CPU 104 1 0
CPU 105 1 0
CPU 106 1 0
CPU 107 1 0
# CONTEXT CPU 0 108
# CONTEXT CPU 0 109
CPU 110 2 0
CPU 111 2 0
CPU 112 2 0
CPU 113 2 0
CPU 114 2 0
CPU 115 2 0
CPU 116 2 0
CPU 117 2 0
CPU 118 2 0
CPU 119 2 0
# CONTEXT CPU 0 120
# CONTEXT CPU 0 121
CPU 122 3 0
BLOCK 123 3
# CONTEXT CPU 0 123
# CONTEXT CPU 0 124
CPU 125 4 0
BLOCK 126 4
UNBLOCK 126 3
# CONTEXT CPU 0 126
# CONTEXT CPU 0 127
CPU 128 0 0
UNBLOCK 129 4
CPU 129 0 0
CPU 130 0 0
CPU 131 0 0
CPU 132 0 0
CPU 133 0 0
CPU 134 0 0
CPU 135 0 0
CPU 136 0 0
CPU 137 0 0
# CONTEXT CPU 0 138
# CONTEXT CPU 0 139
CPU 140 1 0
CPU 141 1 0
CPU 142 1 0
CPU 143 1 0
CPU 144 1 0
CPU 145 1 0
CPU 146 1 0
CPU 147 1 0
CPU 148 1 0
CPU 149 1 0
# CONTEXT CPU 0 150
# CONTEXT CPU 0 151
CPU 152 2 0
CPU 153 2 0
CPU 154 2 0
CPU 155 2 0
CPU 156 2 0
CPU 157 2 0
CPU 158 2 0
CPU 159 2 0
CPU 160 2 0
CPU 161 2 0
# CONTEXT CPU 0 162
# CONTEXT CPU 0 163
CPU 164 3 0
EXIT 165 3 0
# CONTEXT CPU 0 165
# CONTEXT CPU 0 166
CPU 167 4 0
EXIT 168 4 0
# CONTEXT CPU 0 168
# CONTEXT CPU 0 169
CPU 170 0 0
CPU 171 0 0
CPU 172 0 0
CPU 173 0 0
CPU 174 0 0
CPU 175 0 0
CPU 176 0 0
CPU 177 0 0
CPU 178 0 0
CPU 179 0 0
# CONTEXT CPU 0 180
# CONTEXT CPU 0 181
CPU 182 1 0
CPU 183 1 0
CPU 184 1 0
CPU 185 1 0
CPU 186 1 0
CPU 187 1 0
CPU 188 1 0
CPU 189 1 0
CPU 190 1 0
CPU 191 1 0
# CONTEXT CPU 0 192
# CONTEXT CPU 0 193
CPU 194 2 0
CPU 195 2 0
CPU 196 2 0
CPU 197 2 0
CPU 198 2 0
CPU 199 2 0
CPU 200 2 0
CPU 201 2 0
CPU 202 2 0
CPU 203 2 0
# CONTEXT CPU 0 204
# CONTEXT CPU 0 205
CPU 206 0 0
CPU 207 0 0
CPU 208 0 0
CPU 209 0 0
CPU 210 0 0
CPU 211 0 0
CPU 212 0 0
CPU 213 0 0
CPU 214 0 0
CPU 215 0 0
# CONTEXT CPU 0 216
# CONTEXT CPU 0 217
CPU 218 1 0
CPU 219 1 0
CPU 220 1 0
CPU 221 1 0
CPU 222 1 0
CPU 223 1 0
CPU 224 1 0
CPU 225 1 0
CPU 226 1 0
CPU 227 1 0
# CONTEXT CPU 0 228
# CONTEXT CPU 0 229
CPU 230 2 0
CPU 231 2 0
CPU 232 2 0
CPU 233 2 0
CPU 234 2 0
CPU 235 2 0
CPU 236 2 0
CPU 237 2 0
CPU 238 2 0
CPU 239 2 0
# CONTEXT CPU 0 240
# CONTEXT CPU 0 241
CPU 242 0 0
CPU 243 0 0
CPU 244 0 0
CPU 245 0 0
CPU 246 0 0
CPU 247 0 0
CPU 248 0 0
CPU 249 0 0
CPU 250 0 0
CPU 251 0 0
# CONTEXT CPU 0 252
# CONTEXT CPU 0 253
CPU 254 1 0
CPU 255 1 0
CPU 256 1 0
CPU 257 1 0
CPU 258 1 0
CPU 259 1 0
CPU 260 1 0
CPU 261 1 0
CPU 262 1 0
CPU 263 1 0
# CONTEXT CPU 0 264
# CONTEXT CPU 0 265
CPU 266 2 0
CPU 267 2 0
CPU 268 2 0
CPU 269 2 0
CPU 270 2 0
CPU 271 2 0
CPU 272 2 0
CPU 273 2 0
CPU 274 2 0
CPU 275 2 0
# CONTEXT CPU 0 276
# CONTEXT CPU 0 277
CPU 278 0 0
EXIT 279 0 0
# CONTEXT CPU 0 279
# CONTEXT CPU 0 280
CPU 281 1 0
EXIT 282 1 0
# CONTEXT CPU 0 282
# CONTEXT CPU 0 283
CPU 284 2 0
EXIT 285 2 0
CPU 285 -1 0
