# SETTINGS ./simusched lotes/loteEj2.tsk 1 5 2 SchedFCFS
LOAD 0 0
LOAD 0 1
LOAD 0 2
LOAD 0 3
# CONTEXT CPU 0 0
# CONTEXT CPU 0 1
# CONTEXT CPU 0 2
# CONTEXT CPU 0 3
# CONTEXT CPU 0 4
CPU 5 0 0
CPU 6 0 0
CPU 7 0 0
CPU 8 0 0
CPU 9 0 0
CPU 10 0 0
CPU 11 0 0
CPU 12 0 0
CPU 13 0 0
CPU 14 0 0
CPU 15 0 0
CPU 16 0 0
CPU 17 0 0
CPU 18 0 0
CPU 19 0 0
CPU 20 0 0
CPU 21 0 0
CPU 22 0 0
CPU 23 0 0
CPU 24 0 0
CPU 25 0 0
CPU 26 0 0
CPU 27 0 0
CPU 28 0 0
CPU 29 0 0
CPU 30 0 0
CPU 31 0 0
CPU 32 0 0
CPU 33 0 0
CPU 34 0 0
CPU 35 0 0
CPU 36 0 0
CPU 37 0 0
CPU 38 0 0
CPU 39 0 0
CPU 40 0 0
CPU 41 0 0
CPU 42 0 0
CPU 43 0 0
CPU 44 0 0
CPU 45 0 0
CPU 46 0 0
CPU 47 0 0
CPU 48 0 0
CPU 49 0 0
CPU 50 0 0
CPU 51 0 0
CPU 52 0 0
CPU 53 0 0
CPU 54 0 0
CPU 55 0 0
CPU 56 0 0
CPU 57 0 0
CPU 58 0 0
CPU 59 0 0
CPU 60 0 0
CPU 61 0 0
CPU 62 0 0
CPU 63 0 0
CPU 64 0 0
CPU 65 0 0
CPU 66 0 0
CPU 67 0 0
CPU 68 0 0
CPU 69 0 0
CPU 70 0 0
CPU 71 0 0
CPU 72 0 0
CPU 73 0 0
CPU 74 0 0
CPU 75 0 0
CPU 76 0 0
CPU 77 0 0
CPU 78 0 0
CPU 79 0 0
CPU 80 0 0
CPU 81 0 0
CPU 82 0 0
CPU 83 0 0
CPU 84 0 0
CPU 85 0 0
CPU 86 0 0
CPU 87 0 0
CPU 88 0 0
CPU 89 0 0
CPU 90 0 0
CPU 91 0 0
CPU 92 0 0
CPU 93 0 0
CPU 94 0 0
CPU 95 0 0
CPU 96 0 0
CPU 97 0 0
CPU 98 0 0
CPU 99 0 0
CPU 100 0 0
CPU 101 0 0
CPU 102 0 0
CPU 103 0 0
CPU 104 0 0
CPU 105 0 0
CPU 106 0 0
CPU 107 0 0
CPU 108 0 0
CPU 109 0 0
CPU 110 0 0
CPU 111 0 0
CPU 112 0 0
CPU 113 0 0
CPU 114 0 0
CPU 115 0 0
CPU 116 0 0
CPU 117 0 0
CPU 118 0 0
CPU 119 0 0
CPU 120 0 0
CPU 121 0 0
CPU 122 0 0
CPU 123 0 0
CPU 124 0 0
CPU 125 0 0
CPU 126 0 0
CPU 127 0 0
CPU 128 0 0
CPU 129 0 0
CPU 130 0 0
CPU 131 0 0
CPU 132 0 0
CPU 133 0 0
CPU 134 0 0
CPU 135 0 0
CPU 136 0 0
CPU 137 0 0
CPU 138 0 0
CPU 139 0 0
CPU 140 0 0
CPU 141 0 0
CPU 142 0 0
CPU 143 0 0
CPU 144 0 0
CPU 145 0 0
CPU 146 0 0
CPU 147 0 0
CPU 148 0 0
CPU 149 0 0
CPU 150 0 0
CPU 151 0 0
CPU 152 0 0
CPU 153 0 0
CPU 154 0 0
CPU 155 0 0
CPU 156 0 0
CPU 157 0 0
CPU 158 0 0
CPU 159 0 0
CPU 160 0 0
CPU 161 0 0
CPU 162 0 0
CPU 163 0 0
CPU 164 0 0
CPU 165 0 0
CPU 166 0 0
CPU 167 0 0
CPU 168 0 0
CPU 169 0 0
CPU 170 0 0
CPU 171 0 0
CPU 172 0 0
CPU 173 0 0
CPU 174 0 0
CPU 175 0 0
CPU 176 0 0
CPU 177 0 0
CPU 178 0 0
CPU 179 0 0
CPU 180 0 0
CPU 181 0 0
CPU 182 0 0
CPU 183 0 0
CPU 184 0 0
CPU 185 0 0
CPU 186 0 0
CPU 187 0 0
CPU 188 0 0
CPU 189 0 0
CPU 190 0 0
CPU 191 0 0
CPU 192 0 0
CPU 193 0 0
CPU 194 0 0
CPU 195 0 0
CPU 196 0 0
CPU 197 0 0
CPU 198 0 0
CPU 199 0 0
CPU 200 0 0
CPU 201 0 0
CPU 202 0 0
CPU 203 0 0
CPU 204 0 0
CPU 205 0 0
CPU 206 0 0
CPU 207 0 0
CPU 208 0 0
CPU 209 0 0
CPU 210 0 0
CPU 211 0 0
CPU 212 0 0
CPU 213 0 0
CPU 214 0 0
CPU 215 0 0
CPU 216 0 0
CPU 217 0 0
CPU 218 0 0
CPU 219 0 0
CPU 220 0 0
CPU 221 0 0
CPU 222 0 0
CPU 223 0 0
CPU 224 0 0
CPU 225 0 0
CPU 226 0 0
CPU 227 0 0
CPU 228 0 0
CPU 229 0 0
CPU 230 0 0
CPU 231 0 0
CPU 232 0 0
CPU 233 0 0
CPU 234 0 0
CPU 235 0 0
CPU 236 0 0
CPU 237 0 0
CPU 238 0 0
CPU 239 0 0
CPU 240 0 0
CPU 241 0 0
CPU 242 0 0
CPU 243 0 0
CPU 244 0 0
CPU 245 0 0
CPU 246 0 0
CPU 247 0 0
CPU 248 0 0
CPU 249 0 0
CPU 250 0 0
CPU 251 0 0
CPU 252 0 0
CPU 253 0 0
CPU 254 0 0
CPU 255 0 0
CPU 256 0 0
CPU 257 0 0
CPU 258 0 0
CPU 259 0 0
CPU 260 0 0
CPU 261 0 0
CPU 262 0 0
CPU 263 0 0
CPU 264 0 0
CPU 265 0 0
CPU 266 0 0
CPU 267 0 0
CPU 268 0 0
CPU 269 0 0
CPU 270 0 0
CPU 271 0 0
CPU 272 0 0
CPU 273 0 0
CPU 274 0 0
CPU 275 0 0
CPU 276 0 0
CPU 277 0 0
CPU 278 0 0
CPU 279 0 0
CPU 280 0 0
CPU 281 0 0
CPU 282 0 0
CPU 283 0 0
CPU 284 0 0
CPU 285 0 0
CPU 286 0 0
CPU 287 0 0
CPU 288 0 0
CPU 289 0 0
CPU 290 0 0
CPU 291 0 0
CPU 292 0 0
CPU 293 0 0
CPU 294 0 0
CPU 295 0 0
CPU 296 0 0
CPU 297 0 0
CPU 298 0 0
CPU 299 0 0
CPU 300 0 0
CPU 301 0 0
CPU 302 0 0
CPU 303 0 0
CPU 304 0 0
CPU 305 0 0
CPU 306 0 0
CPU 307 0 0
CPU 308 0 0
CPU 309 0 0
CPU 310 0 0
CPU 311 0 0
CPU 312 0 0
CPU 313 0 0
CPU 314 0 0
CPU 315 0 0
CPU 316 0 0
CPU 317 0 0
CPU 318 0 0
CPU 319 0 0
CPU 320 0 0
CPU 321 0 0
CPU 322 0 0
CPU 323 0 0
CPU 324 0 0
CPU 325 0 0
CPU 326 0 0
CPU 327 0 0
CPU 328 0 0
CPU 329 0 0
CPU 330 0 0
CPU 331 0 0
CPU 332 0 0
CPU 333 0 0
CPU 334 0 0
CPU 335 0 0
CPU 336 0 0
CPU 337 0 0
CPU 338 0 0
CPU 339 0 0
CPU 340 0 0
CPU 341 0 0
CPU 342 0 0
CPU 343 0 0
CPU 344 0 0
CPU 345 0 0
CPU 346 0 0
CPU 347 0 0
CPU 348 0 0
CPU 349 0 0
CPU 350 0 0
CPU 351 0 0
CPU 352 0 0
CPU 353 0 0
CPU 354 0 0
CPU 355 0 0
CPU 356 0 0
CPU 357 0 0
CPU 358 0 0
CPU 359 0 0
CPU 360 0 0
CPU 361 0 0
CPU 362 0 0
CPU 363 0 0
CPU 364 0 0
CPU 365 0 0
CPU 366 0 0
CPU 367 0 0
CPU 368 0 0
CPU 369 0 0
CPU 370 0 0
CPU 371 0 0
CPU 372 0 0
CPU 373 0 0
CPU 374 0 0
CPU 375 0 0
CPU 376 0 0
CPU 377 0 0
CPU 378 0 0
CPU 379 0 0
CPU 380 0 0
CPU 381 0 0
CPU 382 0 0
CPU 383 0 0
CPU 384 0 0
CPU 385 0 0
CPU 386 0 0
CPU 387 0 0
CPU 388 0 0
CPU 389 0 0
CPU 390 0 0
CPU 391 0 0
CPU 392 0 0
CPU 393 0 0
CPU 394 0 0
CPU 395 0 0
CPU 396 0 0
CPU 397 0 0
CPU 398 0 0
CPU 399 0 0
CPU 400 0 0
CPU 401 0 0
CPU 402 0 0
CPU 403 0 0
CPU 404 0 0
CPU 405 0 0
CPU 406 0 0
CPU 407 0 0
CPU 408 0 0
CPU 409 0 0
CPU 410 0 0
CPU 411 0 0
CPU 412 0 0
CPU 413 0 0
CPU 414 0 0
CPU 415 0 0
CPU 416 0 0
CPU 417 0 0
CPU 418 0 0
CPU 419 0 0
CPU 420 0 0
CPU 421 0 0
CPU 422 0 0
CPU 423 0 0
CPU 424 0 0
CPU 425 0 0
CPU 426 0 0
CPU 427 0 0
CPU 428 0 0
CPU 429 0 0
CPU 430 0 0
CPU 431 0 0
CPU 432 0 0
CPU 433 0 0
CPU 434 0 0
CPU 435 0 0
CPU 436 0 0
CPU 437 0 0
CPU 438 0 0
CPU 439 0 0
CPU 440 0 0
CPU 441 0 0
CPU 442 0 0
CPU 443 0 0
CPU 444 0 0
CPU 445 0 0
CPU 446 0 0
CPU 447 0 0
CPU 448 0 0
CPU 449 0 0
CPU 450 0 0
CPU 451 0 0
CPU 452 0 0
CPU 453 0 0
CPU 454 0 0
CPU 455 0 0
CPU 456 0 0
CPU 457 0 0
CPU 458 0 0
CPU 459 0 0
CPU 460 0 0
CPU 461 0 0
CPU 462 0 0
CPU 463 0 0
CPU 464 0 0
CPU 465 0 0
CPU 466 0 0
CPU 467 0 0
CPU 468 0 0
CPU 469 0 0
CPU 470 0 0
CPU 471 0 0
CPU 472 0 0
CPU 473 0 0
CPU 474 0 0
CPU 475 0 0
CPU 476 0 0
CPU 477 0 0
CPU 478 0 0
CPU 479 0 0
CPU 480 0 0
CPU 481 0 0
CPU 482 0 0
CPU 483 0 0
CPU 484 0 0
CPU 485 0 0
CPU 486 0 0
CPU 487 0 0
CPU 488 0 0
CPU 489 0 0
CPU 490 0 0
CPU 491 0 0
CPU 492 0 0
CPU 493 0 0
CPU 494 0 0
CPU 495 0 0
CPU 496 0 0
CPU 497 0 0
CPU 498 0 0
CPU 499 0 0
CPU 500 0 0
CPU 501 0 0
CPU 502 0 0
CPU 503 0 0
CPU 504 0 0
CPU 505 0 0
EXIT 506 0 0
# CONTEXT CPU 0 506
# CONTEXT CPU 0 507
# CONTEXT CPU 0 508
# CONTEXT CPU 0 509
# CONTEXT CPU 0 510
CPU 511 1 0
BLOCK 512 1
CPU 512 1 0
BLOCK 513 1
CPU 513 1 0
BLOCK 514 1
CPU 514 1 0
BLOCK 515 1
CPU 515 1 0
BLOCK 516 1
UNBLOCK 516 1
CPU 516 1 0
BLOCK 517 1
CPU 517 1 0
BLOCK 518 1
CPU 518 1 0
BLOCK 519 1
UNBLOCK 519 1
CPU 519 1 0
BLOCK 520 1
CPU 520 1 0
BLOCK 521 1
CPU 521 1 0
BLOCK 522 1
CPU 522 1 0
BLOCK 523 1
UNBLOCK 523 1
CPU 523 1 0
BLOCK 524 1
CPU 524 1 0
BLOCK 525 1
CPU 525 1 0
BLOCK 526 1
CPU 526 1 0
BLOCK 527 1
UNBLOCK 527 1
CPU 527 1 0
BLOCK 528 1
CPU 528 1 0
BLOCK 529 1
UNBLOCK 529 1
CPU 529 1 0
BLOCK 530 1
CPU 530 1 0
BLOCK 531 1
CPU 531 1 0
BLOCK 532 1
UNBLOCK 532 1
CPU 532 1 0
BLOCK 533 1
CPU 533 1 0
BLOCK 534 1
CPU 534 1 0
BLOCK 535 1
CPU 535 1 0
BLOCK 536 1
UNBLOCK 536 1
CPU 536 1 0
BLOCK 537 1
CPU 537 1 0
BLOCK 538 1
CPU 538 1 0
BLOCK 539 1
CPU 539 1 0
BLOCK 540 1
CPU 540 1 0
BLOCK 541 1
UNBLOCK 541 1
CPU 541 1 0
BLOCK 542 1
CPU 542 1 0
BLOCK 543 1
CPU 543 1 0
BLOCK 544 1
CPU 544 1 0
BLOCK 545 1
UNBLOCK 545 1
CPU 545 1 0
BLOCK 546 1
CPU 546 1 0
BLOCK 547 1
CPU 547 1 0
BLOCK 548 1
UNBLOCK 548 1
CPU 548 1 0
EXIT 549 1 0
# CONTEXT CPU 0 549
# CONTEXT CPU 0 550
# CONTEXT CPU 0 551
# CONTEXT CPU 0 552
# CONTEXT CPU 0 553
CPU 554 2 0
BLOCK 555 2
CPU 555 2 0
BLOCK 556 2
CPU 556 2 0
BLOCK 557 2
CPU 557 2 0
BLOCK 558 2
CPU 558 2 0
BLOCK 559 2
UNBLOCK 559 2
CPU 559 2 0
BLOCK 560 2
CPU 560 2 0
BLOCK 561 2
CPU 561 2 0
BLOCK 562 2
UNBLOCK 562 2
CPU 562 2 0
BLOCK 563 2
CPU 563 2 0
BLOCK 564 2
CPU 564 2 0
BLOCK 565 2
CPU 565 2 0
BLOCK 566 2
UNBLOCK 566 2
CPU 566 2 0
BLOCK 567 2
CPU 567 2 0
BLOCK 568 2
CPU 568 2 0
BLOCK 569 2
CPU 569 2 0
BLOCK 570 2
UNBLOCK 570 2
CPU 570 2 0
BLOCK 571 2
CPU 571 2 0
BLOCK 572 2
UNBLOCK 572 2
CPU 572 2 0
BLOCK 573 2
CPU 573 2 0
BLOCK 574 2
CPU 574 2 0
BLOCK 575 2
UNBLOCK 575 2
CPU 575 2 0
BLOCK 576 2
CPU 576 2 0
BLOCK 577 2
CPU 577 2 0
BLOCK 578 2
CPU 578 2 0
BLOCK 579 2
UNBLOCK 579 2
CPU 579 2 0
BLOCK 580 2
CPU 580 2 0
BLOCK 581 2
CPU 581 2 0
BLOCK 582 2
CPU 582 2 0
BLOCK 583 2
CPU 583 2 0
BLOCK 584 2
UNBLOCK 584 2
CPU 584 2 0
BLOCK 585 2
CPU 585 2 0
BLOCK 586 2
CPU 586 2 0
BLOCK 587 2
CPU 587 2 0
BLOCK 588 2
UNBLOCK 588 2
CPU 588 2 0
BLOCK 589 2
CPU 589 2 0
BLOCK 590 2
CPU 590 2 0
BLOCK 591 2
UNBLOCK 591 2
CPU 591 2 0
BLOCK 592 2
CPU 592 2 0
BLOCK 593 2
CPU 593 2 0
BLOCK 594 2
CPU 594 2 0
BLOCK 595 2
UNBLOCK 595 2
CPU 595 2 0
BLOCK 596 2
CPU 596 2 0
BLOCK 597 2
UNBLOCK 597 2
CPU 597 2 0
BLOCK 598 2
CPU 598 2 0
BLOCK 599 2
CPU 599 2 0
BLOCK 600 2
CPU 600 2 0
BLOCK 601 2
UNBLOCK 601 2
CPU 601 2 0
BLOCK 602 2
CPU 602 2 0
BLOCK 603 2
UNBLOCK 603 2
CPU 603 2 0
BLOCK 604 2
CPU 604 2 0
BLOCK 605 2
CPU 605 2 0
BLOCK 606 2
CPU 606 2 0
BLOCK 607 2
CPU 607 2 0
BLOCK 608 2
UNBLOCK 608 2
CPU 608 2 0
BLOCK 609 2
CPU 609 2 0
BLOCK 610 2
CPU 610 2 0
BLOCK 611 2
CPU 611 2 0
BLOCK 612 2
CPU 612 2 0
BLOCK 613 2
UNBLOCK 613 2
CPU 613 2 0
BLOCK 614 2
CPU 614 2 0
BLOCK 615 2
CPU 615 2 0
BLOCK 616 2
CPU 616 2 0
BLOCK 617 2
CPU 617 2 0
BLOCK 618 2
UNBLOCK 618 2
CPU 618 2 0
BLOCK 619 2
CPU 619 2 0
BLOCK 620 2
CPU 620 2 0
BLOCK 621 2
CPU 621 2 0
BLOCK 622 2
UNBLOCK 622 2
CPU 622 2 0
BLOCK 623 2
CPU 623 2 0
BLOCK 624 2
UNBLOCK 624 2
CPU 624 2 0
BLOCK 625 2
CPU 625 2 0
BLOCK 626 2
CPU 626 2 0
BLOCK 627 2
CPU 627 2 0
BLOCK 628 2
CPU 628 2 0
BLOCK 629 2
UNBLOCK 629 2
CPU 629 2 0
EXIT 630 2 0
# CONTEXT CPU 0 630
# CONTEXT CPU 0 631
# CONTEXT CPU 0 632
# CONTEXT CPU 0 633
# CONTEXT CPU 0 634
CPU 635 3 0
BLOCK 636 3
CPU 636 3 0
BLOCK 637 3
CPU 637 3 0
BLOCK 638 3
CPU 638 3 0
BLOCK 639 3
CPU 639 3 0
BLOCK 640 3
UNBLOCK 640 3
CPU 640 3 0
BLOCK 641 3
CPU 641 3 0
BLOCK 642 3
CPU 642 3 0
BLOCK 643 3
UNBLOCK 643 3
CPU 643 3 0
BLOCK 644 3
CPU 644 3 0
BLOCK 645 3
CPU 645 3 0
BLOCK 646 3
CPU 646 3 0
BLOCK 647 3
UNBLOCK 647 3
CPU 647 3 0
BLOCK 648 3
CPU 648 3 0
BLOCK 649 3
CPU 649 3 0
BLOCK 650 3
CPU 650 3 0
BLOCK 651 3
UNBLOCK 651 3
CPU 651 3 0
BLOCK 652 3
CPU 652 3 0
BLOCK 653 3
UNBLOCK 653 3
CPU 653 3 0
BLOCK 654 3
CPU 654 3 0
BLOCK 655 3
CPU 655 3 0
BLOCK 656 3
UNBLOCK 656 3
CPU 656 3 0
BLOCK 657 3
CPU 657 3 0
BLOCK 658 3
CPU 658 3 0
BLOCK 659 3
CPU 659 3 0
BLOCK 660 3
UNBLOCK 660 3
CPU 660 3 0
BLOCK 661 3
CPU 661 3 0
BLOCK 662 3
CPU 662 3 0
BLOCK 663 3
CPU 663 3 0
BLOCK 664 3
CPU 664 3 0
BLOCK 665 3
UNBLOCK 665 3
CPU 665 3 0
BLOCK 666 3
CPU 666 3 0
BLOCK 667 3
CPU 667 3 0
BLOCK 668 3
CPU 668 3 0
BLOCK 669 3
UNBLOCK 669 3
CPU 669 3 0
BLOCK 670 3
CPU 670 3 0
BLOCK 671 3
CPU 671 3 0
BLOCK 672 3
UNBLOCK 672 3
CPU 672 3 0
BLOCK 673 3
CPU 673 3 0
BLOCK 674 3
CPU 674 3 0
BLOCK 675 3
CPU 675 3 0
BLOCK 676 3
UNBLOCK 676 3
CPU 676 3 0
BLOCK 677 3
CPU 677 3 0
BLOCK 678 3
UNBLOCK 678 3
CPU 678 3 0
BLOCK 679 3
CPU 679 3 0
BLOCK 680 3
CPU 680 3 0
BLOCK 681 3
CPU 681 3 0
BLOCK 682 3
UNBLOCK 682 3
CPU 682 3 0
BLOCK 683 3
CPU 683 3 0
BLOCK 684 3
UNBLOCK 684 3
CPU 684 3 0
BLOCK 685 3
CPU 685 3 0
BLOCK 686 3
CPU 686 3 0
BLOCK 687 3
CPU 687 3 0
BLOCK 688 3
CPU 688 3 0
BLOCK 689 3
UNBLOCK 689 3
CPU 689 3 0
BLOCK 690 3
CPU 690 3 0
BLOCK 691 3
CPU 691 3 0
BLOCK 692 3
CPU 692 3 0
BLOCK 693 3
CPU 693 3 0
BLOCK 694 3
UNBLOCK 694 3
CPU 694 3 0
BLOCK 695 3
CPU 695 3 0
BLOCK 696 3
CPU 696 3 0
BLOCK 697 3
CPU 697 3 0
BLOCK 698 3
CPU 698 3 0
BLOCK 699 3
UNBLOCK 699 3
CPU 699 3 0
BLOCK 700 3
CPU 700 3 0
BLOCK 701 3
CPU 701 3 0
BLOCK 702 3
CPU 702 3 0
BLOCK 703 3
UNBLOCK 703 3
CPU 703 3 0
BLOCK 704 3
CPU 704 3 0
BLOCK 705 3
UNBLOCK 705 3
CPU 705 3 0
BLOCK 706 3
CPU 706 3 0
BLOCK 707 3
CPU 707 3 0
BLOCK 708 3
CPU 708 3 0
BLOCK 709 3
CPU 709 3 0
BLOCK 710 3
UNBLOCK 710 3
CPU 710 3 0
BLOCK 711 3
CPU 711 3 0
BLOCK 712 3
CPU 712 3 0
BLOCK 713 3
CPU 713 3 0
BLOCK 714 3
CPU 714 3 0
BLOCK 715 3
UNBLOCK 715 3
CPU 715 3 0
BLOCK 716 3
CPU 716 3 0
BLOCK 717 3
CPU 717 3 0
BLOCK 718 3
UNBLOCK 718 3
CPU 718 3 0
BLOCK 719 3
CPU 719 3 0
BLOCK 720 3
CPU 720 3 0
BLOCK 721 3
CPU 721 3 0
BLOCK 722 3
CPU 722 3 0
BLOCK 723 3
UNBLOCK 723 3
CPU 723 3 0
BLOCK 724 3
CPU 724 3 0
BLOCK 725 3
CPU 725 3 0
BLOCK 726 3
CPU 726 3 0
BLOCK 727 3
UNBLOCK 727 3
CPU 727 3 0
BLOCK 728 3
CPU 728 3 0
BLOCK 729 3
CPU 729 3 0
BLOCK 730 3
CPU 730 3 0
BLOCK 731 3
UNBLOCK 731 3
CPU 731 3 0
BLOCK 732 3
CPU 732 3 0
BLOCK 733 3
CPU 733 3 0
BLOCK 734 3
CPU 734 3 0
BLOCK 735 3
UNBLOCK 735 3
CPU 735 3 0
BLOCK 736 3
CPU 736 3 0
BLOCK 737 3
UNBLOCK 737 3
CPU 737 3 0
BLOCK 738 3
CPU 738 3 0
BLOCK 739 3
CPU 739 3 0
BLOCK 740 3
CPU 740 3 0
BLOCK 741 3
CPU 741 3 0
BLOCK 742 3
UNBLOCK 742 3
CPU 742 3 0
BLOCK 743 3
CPU 743 3 0
BLOCK 744 3
CPU 744 3 0
BLOCK 745 3
CPU 745 3 0
BLOCK 746 3
CPU 746 3 0
BLOCK 747 3
UNBLOCK 747 3
CPU 747 3 0
BLOCK 748 3
CPU 748 3 0
BLOCK 749 3
CPU 749 3 0
BLOCK 750 3
CPU 750 3 0
BLOCK 751 3
UNBLOCK 751 3
CPU 751 3 0
EXIT 752 3 0
CPU 752 -1 0
