# SETTINGS ./simusched lotes/loteEj5.tsk 1 2 0 SchedFCFS
LOAD 0 0
LOAD 0 1
LOAD 0 2
LOAD 0 3
LOAD 0 4
# CONTEXT CPU 0 0
# CONTEXT CPU 0 1
CPU 2 0 0
CPU 3 0 0
CPU 4 0 0
CPU 5 0 0
CPU 6 0 0
CPU 7 0 0
CPU 8 0 0
CPU 9 0 0
CPU 10 0 0
CPU 11 0 0
CPU 12 0 0
CPU 13 0 0
CPU 14 0 0
CPU 15 0 0
CPU 16 0 0
CPU 17 0 0
CPU 18 0 0
CPU 19 0 0
CPU 20 0 0
CPU 21 0 0
CPU 22 0 0
CPU 23 0 0
CPU 24 0 0
CPU 25 0 0
CPU 26 0 0
CPU 27 0 0
CPU 28 0 0
CPU 29 0 0
CPU 30 0 0
CPU 31 0 0
CPU 32 0 0
CPU 33 0 0
CPU 34 0 0
CPU 35 0 0
CPU 36 0 0
CPU 37 0 0
CPU 38 0 0
CPU 39 0 0
CPU 40 0 0
CPU 41 0 0
CPU 42 0 0
CPU 43 0 0
CPU 44 0 0
CPU 45 0 0
CPU 46 0 0
CPU 47 0 0
CPU 48 0 0
CPU 49 0 0
CPU 50 0 0
CPU 51 0 0
CPU 52 0 0
CPU 53 0 0
CPU 54 0 0
CPU 55 0 0
CPU 56 0 0
CPU 57 0 0
CPU 58 0 0
CPU 59 0 0
CPU 60 0 0
CPU 61 0 0
CPU 62 0 0
CPU 63 0 0
CPU 64 0 0
CPU 65 0 0
CPU 66 0 0
CPU 67 0 0
CPU 68 0 0
CPU 69 0 0
CPU 70 0 0
CPU 71 0 0
CPU 72 0 0
EXIT 73 0 0
# CONTEXT CPU 0 73
# CONTEXT CPU 0 74
CPU 75 1 0
CPU 76 1 0
CPU 77 1 0
CPU 78 1 0
CPU 79 1 0
CPU 80 1 0
CPU 81 1 0
CPU 82 1 0
CPU 83 1 0
CPU 84 1 0
CPU 85 1 0
CPU 86 1 0
CPU 87 1 0
CPU 88 1 0
CPU 89 1 0
CPU 90 1 0
CPU 91 1 0
CPU 92 1 0
CPU 93 1 0
CPU 94 1 0
CPU 95 1 0
CPU 96 1 0
CPU 97 1 0
CPU 98 1 0
CPU 99 1 0
CPU 100 1 0
CPU 101 1 0
CPU 102 1 0
CPU 103 1 0
CPU 104 1 0
CPU 105 1 0
CPU 106 1 0
CPU 107 1 0
CPU 108 1 0
CPU 109 1 0
CPU 110 1 0
CPU 111 1 0
CPU 112 1 0
CPU 113 1 0
CPU 114 1 0
CPU 115 1 0
CPU 116 1 0
CPU 117 1 0
CPU 118 1 0
CPU 119 1 0
CPU 120 1 0
CPU 121 1 0
CPU 122 1 0
CPU 123 1 0
CPU 124 1 0
CPU 125 1 0
CPU 126 1 0
CPU 127 1 0
CPU 128 1 0
CPU 129 1 0
CPU 130 1 0
CPU 131 1 0
CPU 132 1 0
CPU 133 1 0
CPU 134 1 0
CPU 135 1 0
CPU 136 1 0
CPU 137 1 0
CPU 138 1 0
CPU 139 1 0
CPU 140 1 0
CPU 141 1 0
CPU 142 1 0
CPU 143 1 0
CPU 144 1 0
CPU 145 1 0
EXIT 146 1 0
# CONTEXT CPU 0 146
# CONTEXT CPU 0 147
CPU 148 2 0
CPU 149 2 0
CPU 150 2 0
CPU 151 2 0
CPU 152 2 0
CPU 153 2 0
CPU 154 2 0
CPU 155 2 0
CPU 156 2 0
CPU 157 2 0
CPU 158 2 0
CPU 159 2 0
CPU 160 2 0
CPU 161 2 0
CPU 162 2 0
CPU 163 2 0
CPU 164 2 0
CPU 165 2 0
CPU 166 2 0
CPU 167 2 0
CPU 168 2 0
CPU 169 2 0
CPU 170 2 0
CPU 171 2 0
CPU 172 2 0
CPU 173 2 0
CPU 174 2 0
CPU 175 2 0
CPU 176 2 0
CPU 177 2 0
CPU 178 2 0
CPU 179 2 0
CPU 180 2 0
CPU 181 2 0
CPU 182 2 0
CPU 183 2 0
CPU 184 2 0
CPU 185 2 0
CPU 186 2 0
CPU 187 2 0
CPU 188 2 0
CPU 189 2 0
CPU 190 2 0
CPU 191 2 0
CPU 192 2 0
CPU 193 2 0
CPU 194 2 0
CPU 195 2 0
CPU 196 2 0
CPU 197 2 0
CPU 198 2 0
CPU 199 2 0
CPU 200 2 0
CPU 201 2 0
CPU 202 2 0
CPU 203 2 0
CPU 204 2 0
CPU 205 2 0
CPU 206 2 0
CPU 207 2 0
CPU 208 2 0
CPU 209 2 0
CPU 210 2 0
CPU 211 2 0
CPU 212 2 0
CPU 213 2 0
CPU 214 2 0
CPU 215 2 0
CPU 216 2 0
CPU 217 2 0
CPU 218 2 0
EXIT 219 2 0
# CONTEXT CPU 0 219
# CONTEXT CPU 0 220
CPU 221 3 0
BLOCK 222 3
CPU 222 3 0
BLOCK 223 3
CPU 223 3 0
BLOCK 224 3
CPU 224 3 0
BLOCK 225 3
UNBLOCK 225 3
CPU 225 3 0
BLOCK 226 3
CPU 226 3 0
BLOCK 227 3
CPU 227 3 0
BLOCK 228 3
CPU 228 3 0
BLOCK 229 3
UNBLOCK 229 3
CPU 229 3 0
BLOCK 230 3
CPU 230 3 0
BLOCK 231 3
CPU 231 3 0
BLOCK 232 3
CPU 232 3 0
BLOCK 233 3
UNBLOCK 233 3
CPU 233 3 0
EXIT 234 3 0
# CONTEXT CPU 0 234
# CONTEXT CPU 0 235
CPU 236 4 0
BLOCK 237 4
CPU 237 4 0
BLOCK 238 4
CPU 238 4 0
BLOCK 239 4
CPU 239 4 0
BLOCK 240 4
UNBLOCK 240 4
CPU 240 4 0
BLOCK 241 4
CPU 241 4 0
BLOCK 242 4
CPU 242 4 0
BLOCK 243 4
CPU 243 4 0
BLOCK 244 4
UNBLOCK 244 4
CPU 244 4 0
BLOCK 245 4
CPU 245 4 0
BLOCK 246 4
CPU 246 4 0
BLOCK 247 4
CPU 247 4 0
BLOCK 248 4
UNBLOCK 248 4
CPU 248 4 0
EXIT 249 4 0
CPU 249 -1 0
