# SETTINGS ./simusched lotes/loteEj2.tsk 4 5 2 SchedFCFS
LOAD 0 0
LOAD 0 1
LOAD 0 2
LOAD 0 3
# CONTEXT CPU 0 0
# CONTEXT CPU 1 0
# CONTEXT CPU 2 0
# CONTEXT CPU 3 0
# CONTEXT CPU 0 1
# CONTEXT CPU 1 1
# CONTEXT CPU 2 1
# CONTEXT CPU 3 1
# CONTEXT CPU 0 2
# CONTEXT CPU 1 2
# CONTEXT CPU 2 2
# CONTEXT CPU 3 2
# CONTEXT CPU 0 3
# CONTEXT CPU 1 3
# CONTEXT CPU 2 3
# CONTEXT CPU 3 3
# CONTEXT CPU 0 4
# CONTEXT CPU 1 4
# CONTEXT CPU 2 4
# CONTEXT CPU 3 4
CPU 5 0 0
CPU 5 1 1
CPU 5 2 2
CPU 5 3 3
BLOCK 6 1
BLOCK 6 2
BLOCK 6 3
CPU 6 0 0
CPU 6 1 1
CPU 6 2 2
CPU 6 3 3
BLOCK 7 1
BLOCK 7 2
BLOCK 7 3
CPU 7 0 0
CPU 7 1 1
CPU 7 2 2
CPU 7 3 3
BLOCK 8 1
BLOCK 8 2
BLOCK 8 3
CPU 8 0 0
CPU 8 1 1
CPU 8 2 2
CPU 8 3 3
BLOCK 9 1
BLOCK 9 2
BLOCK 9 3
CPU 9 0 0
CPU 9 1 1
CPU 9 2 2
CPU 9 3 3
BLOCK 10 1
BLOCK 10 2
BLOCK 10 3
UNBLOCK 10 1
UNBLOCK 10 2
UNBLOCK 10 3
CPU 10 0 0
CPU 10 1 1
CPU 10 2 2
CPU 10 3 3
BLOCK 11 1
BLOCK 11 2
BLOCK 11 3
CPU 11 0 0
CPU 11 1 1
CPU 11 2 2
CPU 11 3 3
BLOCK 12 1
BLOCK 12 2
BLOCK 12 3
CPU 12 0 0
CPU 12 1 1
CPU 12 2 2
CPU 12 3 3
BLOCK 13 1
BLOCK 13 2
BLOCK 13 3
UNBLOCK 13 1
CPU 13 0 0
CPU 13 1 1
CPU 13 2 2
CPU 13 3 3
BLOCK 14 1
BLOCK 14 2
BLOCK 14 3
UNBLOCK 14 2
UNBLOCK 14 3
CPU 14 0 0
CPU 14 1 1
CPU 14 2 2
CPU 14 3 3
BLOCK 15 1
BLOCK 15 2
BLOCK 15 3
UNBLOCK 15 1
CPU 15 0 0
CPU 15 1 1
CPU 15 2 2
CPU 15 3 3
BLOCK 16 1
BLOCK 16 2
BLOCK 16 3
CPU 16 0 0
CPU 16 1 1
CPU 16 2 2
CPU 16 3 3
BLOCK 17 1
BLOCK 17 2
BLOCK 17 3
UNBLOCK 17 2
CPU 17 0 0
CPU 17 1 1
CPU 17 2 2
CPU 17 3 3
BLOCK 18 1
BLOCK 18 2
BLOCK 18 3
UNBLOCK 18 3
CPU 18 0 0
CPU 18 1 1
CPU 18 2 2
CPU 18 3 3
BLOCK 19 1
BLOCK 19 2
BLOCK 19 3
CPU 19 0 0
CPU 19 1 1
CPU 19 2 2
CPU 19 3 3
BLOCK 20 1
BLOCK 20 2
BLOCK 20 3
UNBLOCK 20 1
CPU 20 0 0
CPU 20 1 1
CPU 20 2 2
CPU 20 3 3
BLOCK 21 1
BLOCK 21 2
BLOCK 21 3
UNBLOCK 21 2
UNBLOCK 21 3
CPU 21 0 0
CPU 21 1 1
CPU 21 2 2
CPU 21 3 3
BLOCK 22 1
BLOCK 22 2
BLOCK 22 3
CPU 22 0 0
CPU 22 1 1
CPU 22 2 2
CPU 22 3 3
BLOCK 23 1
BLOCK 23 2
BLOCK 23 3
UNBLOCK 23 2
CPU 23 0 0
CPU 23 1 1
CPU 23 2 2
CPU 23 3 3
BLOCK 24 1
BLOCK 24 2
BLOCK 24 3
UNBLOCK 24 1
CPU 24 0 0
CPU 24 1 1
CPU 24 2 2
CPU 24 3 3
BLOCK 25 1
BLOCK 25 2
BLOCK 25 3
UNBLOCK 25 2
UNBLOCK 25 3
CPU 25 0 0
CPU 25 1 1
CPU 25 2 2
CPU 25 3 3
BLOCK 26 1
BLOCK 26 2
BLOCK 26 3
CPU 26 0 0
CPU 26 1 1
CPU 26 2 2
CPU 26 3 3
BLOCK 27 1
BLOCK 27 2
BLOCK 27 3
CPU 27 0 0
CPU 27 1 1
CPU 27 2 2
CPU 27 3 3
BLOCK 28 1
BLOCK 28 2
BLOCK 28 3
CPU 28 0 0
CPU 28 1 1
CPU 28 2 2
CPU 28 3 3
BLOCK 29 1
BLOCK 29 2
BLOCK 29 3
UNBLOCK 29 1
CPU 29 0 0
CPU 29 1 1
CPU 29 2 2
CPU 29 3 3
BLOCK 30 1
BLOCK 30 2
BLOCK 30 3
UNBLOCK 30 2
UNBLOCK 30 3
CPU 30 0 0
CPU 30 1 1
CPU 30 2 2
CPU 30 3 3
BLOCK 31 1
BLOCK 31 2
BLOCK 31 3
CPU 31 0 0
CPU 31 1 1
CPU 31 2 2
CPU 31 3 3
BLOCK 32 1
BLOCK 32 2
BLOCK 32 3
UNBLOCK 32 2
CPU 32 0 0
CPU 32 1 1
CPU 32 2 2
CPU 32 3 3
BLOCK 33 1
BLOCK 33 2
BLOCK 33 3
UNBLOCK 33 1
CPU 33 0 0
CPU 33 1 1
CPU 33 2 2
CPU 33 3 3
BLOCK 34 1
BLOCK 34 2
BLOCK 34 3
CPU 34 0 0
CPU 34 1 1
CPU 34 2 2
CPU 34 3 3
BLOCK 35 1
BLOCK 35 2
BLOCK 35 3
UNBLOCK 35 3
CPU 35 0 0
CPU 35 1 1
CPU 35 2 2
CPU 35 3 3
BLOCK 36 1
BLOCK 36 2
BLOCK 36 3
UNBLOCK 36 1
CPU 36 0 0
CPU 36 1 1
CPU 36 2 2
CPU 36 3 3
BLOCK 37 1
BLOCK 37 2
BLOCK 37 3
UNBLOCK 37 2
CPU 37 0 0
CPU 37 1 1
CPU 37 2 2
CPU 37 3 3
BLOCK 38 1
BLOCK 38 2
BLOCK 38 3
CPU 38 0 0
CPU 38 1 1
CPU 38 2 2
CPU 38 3 3
BLOCK 39 1
BLOCK 39 2
BLOCK 39 3
CPU 39 0 0
CPU 39 1 1
CPU 39 2 2
CPU 39 3 3
BLOCK 40 1
BLOCK 40 2
BLOCK 40 3
UNBLOCK 40 1
UNBLOCK 40 3
CPU 40 0 0
CPU 40 1 1
CPU 40 2 2
CPU 40 3 3
BLOCK 41 1
BLOCK 41 2
BLOCK 41 3
UNBLOCK 41 2
CPU 41 0 0
CPU 41 1 1
CPU 41 2 2
CPU 41 3 3
BLOCK 42 1
BLOCK 42 2
BLOCK 42 3
UNBLOCK 42 3
CPU 42 0 0
CPU 42 1 1
CPU 42 2 2
CPU 42 3 3
BLOCK 43 1
BLOCK 43 2
BLOCK 43 3
CPU 43 0 0
CPU 43 1 1
CPU 43 2 2
CPU 43 3 3
BLOCK 44 1
BLOCK 44 2
BLOCK 44 3
UNBLOCK 44 1
CPU 44 0 0
CPU 44 1 1
CPU 44 2 2
CPU 44 3 3
EXIT 45 1 1
BLOCK 45 2
BLOCK 45 3
CPU 45 0 0
CPU 45 -1 1
CPU 45 2 2
CPU 45 3 3
BLOCK 46 2
BLOCK 46 3
UNBLOCK 46 2
CPU 46 0 0
CPU 46 -1 1
CPU 46 2 2
CPU 46 3 3
BLOCK 47 2
BLOCK 47 3
UNBLOCK 47 3
CPU 47 0 0
CPU 47 -1 1
CPU 47 2 2
CPU 47 3 3
BLOCK 48 2
BLOCK 48 3
CPU 48 0 0
CPU 48 -1 1
CPU 48 2 2
CPU 48 3 3
BLOCK 49 2
BLOCK 49 3
CPU 49 0 0
CPU 49 -1 1
CPU 49 2 2
CPU 49 3 3
BLOCK 50 2
BLOCK 50 3
UNBLOCK 50 2
CPU 50 0 0
CPU 50 -1 1
CPU 50 2 2
CPU 50 3 3
BLOCK 51 2
BLOCK 51 3
CPU 51 0 0
CPU 51 -1 1
CPU 51 2 2
CPU 51 3 3
BLOCK 52 2
BLOCK 52 3
UNBLOCK 52 3
CPU 52 0 0
CPU 52 -1 1
CPU 52 2 2
CPU 52 3 3
BLOCK 53 2
BLOCK 53 3
CPU 53 0 0
CPU 53 -1 1
CPU 53 2 2
CPU 53 3 3
BLOCK 54 2
BLOCK 54 3
UNBLOCK 54 2
CPU 54 0 0
CPU 54 -1 1
CPU 54 2 2
CPU 54 3 3
BLOCK 55 2
BLOCK 55 3
CPU 55 0 0
CPU 55 -1 1
CPU 55 2 2
CPU 55 3 3
BLOCK 56 2
BLOCK 56 3
CPU 56 0 0
CPU 56 -1 1
CPU 56 2 2
CPU 56 3 3
BLOCK 57 2
BLOCK 57 3
UNBLOCK 57 2
UNBLOCK 57 3
CPU 57 0 0
CPU 57 -1 1
CPU 57 2 2
CPU 57 3 3
BLOCK 58 2
BLOCK 58 3
CPU 58 0 0
CPU 58 -1 1
CPU 58 2 2
CPU 58 3 3
BLOCK 59 2
BLOCK 59 3
UNBLOCK 59 2
CPU 59 0 0
CPU 59 -1 1
CPU 59 2 2
CPU 59 3 3
BLOCK 60 2
BLOCK 60 3
CPU 60 0 0
CPU 60 -1 1
CPU 60 2 2
CPU 60 3 3
BLOCK 61 2
BLOCK 61 3
CPU 61 0 0
CPU 61 -1 1
CPU 61 2 2
CPU 61 3 3
BLOCK 62 2
BLOCK 62 3
UNBLOCK 62 3
CPU 62 0 0
CPU 62 -1 1
CPU 62 2 2
CPU 62 3 3
BLOCK 63 2
BLOCK 63 3
UNBLOCK 63 2
CPU 63 0 0
CPU 63 -1 1
CPU 63 2 2
CPU 63 3 3
BLOCK 64 2
BLOCK 64 3
CPU 64 0 0
CPU 64 -1 1
CPU 64 2 2
CPU 64 3 3
BLOCK 65 2
BLOCK 65 3
CPU 65 0 0
CPU 65 -1 1
CPU 65 2 2
CPU 65 3 3
BLOCK 66 2
BLOCK 66 3
CPU 66 0 0
CPU 66 -1 1
CPU 66 2 2
CPU 66 3 3
BLOCK 67 2
BLOCK 67 3
UNBLOCK 67 3
CPU 67 0 0
CPU 67 -1 1
CPU 67 2 2
CPU 67 3 3
BLOCK 68 2
BLOCK 68 3
UNBLOCK 68 2
CPU 68 0 0
CPU 68 -1 1
CPU 68 2 2
CPU 68 3 3
BLOCK 69 2
BLOCK 69 3
UNBLOCK 69 3
CPU 69 0 0
CPU 69 -1 1
CPU 69 2 2
CPU 69 3 3
BLOCK 70 2
BLOCK 70 3
UNBLOCK 70 2
CPU 70 0 0
CPU 70 -1 1
CPU 70 2 2
CPU 70 3 3
BLOCK 71 2
BLOCK 71 3
CPU 71 0 0
CPU 71 -1 1
CPU 71 2 2
CPU 71 3 3
BLOCK 72 2
BLOCK 72 3
UNBLOCK 72 3
CPU 72 0 0
CPU 72 -1 1
CPU 72 2 2
CPU 72 3 3
BLOCK 73 2
BLOCK 73 3
UNBLOCK 73 2
CPU 73 0 0
CPU 73 -1 1
CPU 73 2 2
CPU 73 3 3
BLOCK 74 2
BLOCK 74 3
CPU 74 0 0
CPU 74 -1 1
CPU 74 2 2
CPU 74 3 3
BLOCK 75 2
BLOCK 75 3
CPU 75 0 0
CPU 75 -1 1
CPU 75 2 2
CPU 75 3 3
BLOCK 76 2
BLOCK 76 3
UNBLOCK 76 3
CPU 76 0 0
CPU 76 -1 1
CPU 76 2 2
CPU 76 3 3
BLOCK 77 2
BLOCK 77 3
UNBLOCK 77 2
CPU 77 0 0
CPU 77 -1 1
CPU 77 2 2
CPU 77 3 3
EXIT 78 2 2
BLOCK 78 3
UNBLOCK 78 3
CPU 78 0 0
CPU 78 -1 1
CPU 78 -1 2
CPU 78 3 3
BLOCK 79 3
CPU 79 0 0
CPU 79 -1 1
CPU 79 -1 2
CPU 79 3 3
BLOCK 80 3
CPU 80 0 0
CPU 80 -1 1
CPU 80 -1 2
CPU 80 3 3
BLOCK 81 3
UNBLOCK 81 3
CPU 81 0 0
CPU 81 -1 1
CPU 81 -1 2
CPU 81 3 3
BLOCK 82 3
CPU 82 0 0
CPU 82 -1 1
CPU 82 -1 2
CPU 82 3 3
BLOCK 83 3
CPU 83 0 0
CPU 83 -1 1
CPU 83 -1 2
CPU 83 3 3
BLOCK 84 3
UNBLOCK 84 3
CPU 84 0 0
CPU 84 -1 1
CPU 84 -1 2
CPU 84 3 3
BLOCK 85 3
CPU 85 0 0
CPU 85 -1 1
CPU 85 -1 2
CPU 85 3 3
BLOCK 86 3
CPU 86 0 0
CPU 86 -1 1
CPU 86 -1 2
CPU 86 3 3
BLOCK 87 3
CPU 87 0 0
CPU 87 -1 1
CPU 87 -1 2
CPU 87 3 3
BLOCK 88 3
UNBLOCK 88 3
CPU 88 0 0
CPU 88 -1 1
CPU 88 -1 2
CPU 88 3 3
BLOCK 89 3
CPU 89 0 0
CPU 89 -1 1
CPU 89 -1 2
CPU 89 3 3
BLOCK 90 3
CPU 90 0 0
CPU 90 -1 1
CPU 90 -1 2
CPU 90 3 3
BLOCK 91 3
UNBLOCK 91 3
CPU 91 0 0
CPU 91 -1 1
CPU 91 -1 2
CPU 91 3 3
BLOCK 92 3
CPU 92 0 0
CPU 92 -1 1
CPU 92 -1 2
CPU 92 3 3
BLOCK 93 3
UNBLOCK 93 3
CPU 93 0 0
CPU 93 -1 1
CPU 93 -1 2
CPU 93 3 3
BLOCK 94 3
CPU 94 0 0
CPU 94 -1 1
CPU 94 -1 2
CPU 94 3 3
BLOCK 95 3
CPU 95 0 0
CPU 95 -1 1
CPU 95 -1 2
CPU 95 3 3
BLOCK 96 3
CPU 96 0 0
CPU 96 -1 1
CPU 96 -1 2
CPU 96 3 3
BLOCK 97 3
UNBLOCK 97 3
CPU 97 0 0
CPU 97 -1 1
CPU 97 -1 2
CPU 97 3 3
BLOCK 98 3
CPU 98 0 0
CPU 98 -1 1
CPU 98 -1 2
CPU 98 3 3
BLOCK 99 3
CPU 99 0 0
CPU 99 -1 1
CPU 99 -1 2
CPU 99 3 3
BLOCK 100 3
CPU 100 0 0
CPU 100 -1 1
CPU 100 -1 2
CPU 100 3 3
BLOCK 101 3
CPU 101 0 0
CPU 101 -1 1
CPU 101 -1 2
CPU 101 3 3
BLOCK 102 3
UNBLOCK 102 3
CPU 102 0 0
CPU 102 -1 1
CPU 102 -1 2
CPU 102 3 3
BLOCK 103 3
CPU 103 0 0
CPU 103 -1 1
CPU 103 -1 2
CPU 103 3 3
BLOCK 104 3
UNBLOCK 104 3
CPU 104 0 0
CPU 104 -1 1
CPU 104 -1 2
CPU 104 3 3
BLOCK 105 3
CPU 105 0 0
CPU 105 -1 1
CPU 105 -1 2
CPU 105 3 3
BLOCK 106 3
UNBLOCK 106 3
CPU 106 0 0
CPU 106 -1 1
CPU 106 -1 2
CPU 106 3 3
BLOCK 107 3
CPU 107 0 0
CPU 107 -1 1
CPU 107 -1 2
CPU 107 3 3
BLOCK 108 3
CPU 108 0 0
CPU 108 -1 1
CPU 108 -1 2
CPU 108 3 3
BLOCK 109 3
UNBLOCK 109 3
CPU 109 0 0
CPU 109 -1 1
CPU 109 -1 2
CPU 109 3 3
BLOCK 110 3
CPU 110 0 0
CPU 110 -1 1
CPU 110 -1 2
CPU 110 3 3
BLOCK 111 3
CPU 111 0 0
CPU 111 -1 1
CPU 111 -1 2
CPU 111 3 3
BLOCK 112 3
CPU 112 0 0
CPU 112 -1 1
CPU 112 -1 2
CPU 112 3 3
BLOCK 113 3
UNBLOCK 113 3
CPU 113 0 0
CPU 113 -1 1
CPU 113 -1 2
CPU 113 3 3
BLOCK 114 3
CPU 114 0 0
CPU 114 -1 1
CPU 114 -1 2
CPU 114 3 3
BLOCK 115 3
UNBLOCK 115 3
CPU 115 0 0
CPU 115 -1 1
CPU 115 -1 2
CPU 115 3 3
EXIT 116 3 3
CPU 116 0 0
CPU 116 -1 1
CPU 116 -1 2
CPU 116 -1 3
CPU 117 0 0
CPU 117 -1 1
CPU 117 -1 2
CPU 117 -1 3
CPU 118 0 0
CPU 118 -1 1
CPU 118 -1 2
CPU 118 -1 3
CPU 119 0 0
CPU 119 -1 1
CPU 119 -1 2
CPU 119 -1 3
CPU 120 0 0
CPU 120 -1 1
CPU 120 -1 2
CPU 120 -1 3
CPU 121 0 0
CPU 121 -1 1
CPU 121 -1 2
CPU 121 -1 3
CPU 122 0 0
CPU 122 -1 1
CPU 122 -1 2
CPU 122 -1 3
CPU 123 0 0
CPU 123 -1 1
CPU 123 -1 2
CPU 123 -1 3
CPU 124 0 0
CPU 124 -1 1
CPU 124 -1 2
CPU 124 -1 3
CPU 125 0 0
CPU 125 -1 1
CPU 125 -1 2
CPU 125 -1 3
CPU 126 0 0
CPU 126 -1 1
CPU 126 -1 2
CPU 126 -1 3
CPU 127 0 0
CPU 127 -1 1
CPU 127 -1 2
CPU 127 -1 3
CPU 128 0 0
CPU 128 -1 1
CPU 128 -1 2
CPU 128 -1 3
CPU 129 0 0
CPU 129 -1 1
CPU 129 -1 2
CPU 129 -1 3
CPU 130 0 0
CPU 130 -1 1
CPU 130 -1 2
CPU 130 -1 3
CPU 131 0 0
CPU 131 -1 1
CPU 131 -1 2
CPU 131 -1 3
CPU 132 0 0
CPU 132 -1 1
CPU 132 -1 2
CPU 132 -1 3
CPU 133 0 0
CPU 133 -1 1
CPU 133 -1 2
CPU 133 -1 3
CPU 134 0 0
CPU 134 -1 1
CPU 134 -1 2
CPU 134 -1 3
CPU 135 0 0
CPU 135 -1 1
CPU 135 -1 2
CPU 135 -1 3
CPU 136 0 0
CPU 136 -1 1
CPU 136 -1 2
CPU 136 -1 3
CPU 137 0 0
CPU 137 -1 1
CPU 137 -1 2
CPU 137 -1 3
CPU 138 0 0
CPU 138 -1 1
CPU 138 -1 2
CPU 138 -1 3
CPU 139 0 0
CPU 139 -1 1
CPU 139 -1 2
CPU 139 -1 3
CPU 140 0 0
CPU 140 -1 1
CPU 140 -1 2
CPU 140 -1 3
CPU 141 0 0
CPU 141 -1 1
CPU 141 -1 2
CPU 141 -1 3
CPU 142 0 0
CPU 142 -1 1
CPU 142 -1 2
CPU 142 -1 3
CPU 143 0 0
CPU 143 -1 1
CPU 143 -1 2
CPU 143 -1 3
CPU 144 0 0
CPU 144 -1 1
CPU 144 -1 2
CPU 144 -1 3
CPU 145 0 0
CPU 145 -1 1
CPU 145 -1 2
CPU 145 -1 3
CPU 146 0 0
CPU 146 -1 1
CPU 146 -1 2
CPU 146 -1 3
CPU 147 0 0
CPU 147 -1 1
CPU 147 -1 2
CPU 147 -1 3
CPU 148 0 0
CPU 148 -1 1
CPU 148 -1 2
CPU 148 -1 3
CPU 149 0 0
CPU 149 -1 1
CPU 149 -1 2
CPU 149 -1 3
CPU 150 0 0
CPU 150 -1 1
CPU 150 -1 2
CPU 150 -1 3
CPU 151 0 0
CPU 151 -1 1
CPU 151 -1 2
CPU 151 -1 3
CPU 152 0 0
CPU 152 -1 1
CPU 152 -1 2
CPU 152 -1 3
CPU 153 0 0
CPU 153 -1 1
CPU 153 -1 2
CPU 153 -1 3
CPU 154 0 0
CPU 154 -1 1
CPU 154 -1 2
CPU 154 -1 3
CPU 155 0 0
CPU 155 -1 1
CPU 155 -1 2
CPU 155 -1 3
CPU 156 0 0
CPU 156 -1 1
CPU 156 -1 2
CPU 156 -1 3
CPU 157 0 0
CPU 157 -1 1
CPU 157 -1 2
CPU 157 -1 3
CPU 158 0 0
CPU 158 -1 1
CPU 158 -1 2
CPU 158 -1 3
CPU 159 0 0
CPU 159 -1 1
CPU 159 -1 2
CPU 159 -1 3
CPU 160 0 0
CPU 160 -1 1
CPU 160 -1 2
CPU 160 -1 3
CPU 161 0 0
CPU 161 -1 1
CPU 161 -1 2
CPU 161 -1 3
CPU 162 0 0
CPU 162 -1 1
CPU 162 -1 2
CPU 162 -1 3
CPU 163 0 0
CPU 163 -1 1
CPU 163 -1 2
CPU 163 -1 3
CPU 164 0 0
CPU 164 -1 1
CPU 164 -1 2
CPU 164 -1 3
CPU 165 0 0
CPU 165 -1 1
CPU 165 -1 2
CPU 165 -1 3
CPU 166 0 0
CPU 166 -1 1
CPU 166 -1 2
CPU 166 -1 3
CPU 167 0 0
CPU 167 -1 1
CPU 167 -1 2
CPU 167 -1 3
CPU 168 0 0
CPU 168 -1 1
CPU 168 -1 2
CPU 168 -1 3
CPU 169 0 0
CPU 169 -1 1
CPU 169 -1 2
CPU 169 -1 3
CPU 170 0 0
CPU 170 -1 1
CPU 170 -1 2
CPU 170 -1 3
CPU 171 0 0
CPU 171 -1 1
CPU 171 -1 2
CPU 171 -1 3
CPU 172 0 0
CPU 172 -1 1
CPU 172 -1 2
CPU 172 -1 3
CPU 173 0 0
CPU 173 -1 1
CPU 173 -1 2
CPU 173 -1 3
CPU 174 0 0
CPU 174 -1 1
CPU 174 -1 2
CPU 174 -1 3
CPU 175 0 0
CPU 175 -1 1
CPU 175 -1 2
CPU 175 -1 3
CPU 176 0 0
CPU 176 -1 1
CPU 176 -1 2
CPU 176 -1 3
CPU 177 0 0
CPU 177 -1 1
CPU 177 -1 2
CPU 177 -1 3
CPU 178 0 0
CPU 178 -1 1
CPU 178 -1 2
CPU 178 -1 3
CPU 179 0 0
CPU 179 -1 1
CPU 179 -1 2
CPU 179 -1 3
CPU 180 0 0
CPU 180 -1 1
CPU 180 -1 2
CPU 180 -1 3
CPU 181 0 0
CPU 181 -1 1
CPU 181 -1 2
CPU 181 -1 3
CPU 182 0 0
CPU 182 -1 1
CPU 182 -1 2
CPU 182 -1 3
CPU 183 0 0
CPU 183 -1 1
CPU 183 -1 2
CPU 183 -1 3
CPU 184 0 0
CPU 184 -1 1
CPU 184 -1 2
CPU 184 -1 3
CPU 185 0 0
CPU 185 -1 1
CPU 185 -1 2
CPU 185 -1 3
CPU 186 0 0
CPU 186 -1 1
CPU 186 -1 2
CPU 186 -1 3
CPU 187 0 0
CPU 187 -1 1
CPU 187 -1 2
CPU 187 -1 3
CPU 188 0 0
CPU 188 -1 1
CPU 188 -1 2
CPU 188 -1 3
CPU 189 0 0
CPU 189 -1 1
CPU 189 -1 2
CPU 189 -1 3
CPU 190 0 0
CPU 190 -1 1
CPU 190 -1 2
CPU 190 -1 3
CPU 191 0 0
CPU 191 -1 1
CPU 191 -1 2
CPU 191 -1 3
CPU 192 0 0
CPU 192 -1 1
CPU 192 -1 2
CPU 192 -1 3
CPU 193 0 0
CPU 193 -1 1
CPU 193 -1 2
CPU 193 -1 3
CPU 194 0 0
CPU 194 -1 1
CPU 194 -1 2
CPU 194 -1 3
CPU 195 0 0
CPU 195 -1 1
CPU 195 -1 2
CPU 195 -1 3
CPU 196 0 0
CPU 196 -1 1
CPU 196 -1 2
CPU 196 -1 3
CPU 197 0 0
CPU 197 -1 1
CPU 197 -1 2
CPU 197 -1 3
CPU 198 0 0
CPU 198 -1 1
CPU 198 -1 2
CPU 198 -1 3
CPU 199 0 0
CPU 199 -1 1
CPU 199 -1 2
CPU 199 -1 3
CPU 200 0 0
CPU 200 -1 1
CPU 200 -1 2
CPU 200 -1 3
CPU 201 0 0
CPU 201 -1 1
CPU 201 -1 2
CPU 201 -1 3
CPU 202 0 0
CPU 202 -1 1
CPU 202 -1 2
CPU 202 -1 3
CPU 203 0 0
CPU 203 -1 1
CPU 203 -1 2
CPU 203 -1 3
CPU 204 0 0
CPU 204 -1 1
CPU 204 -1 2
CPU 204 -1 3
CPU 205 0 0
CPU 205 -1 1
CPU 205 -1 2
CPU 205 -1 3
CPU 206 0 0
CPU 206 -1 1
CPU 206 -1 2
CPU 206 -1 3
CPU 207 0 0
CPU 207 -1 1
CPU 207 -1 2
CPU 207 -1 3
CPU 208 0 0
CPU 208 -1 1
CPU 208 -1 2
CPU 208 -1 3
CPU 209 0 0
CPU 209 -1 1
CPU 209 -1 2
CPU 209 -1 3
CPU 210 0 0
CPU 210 -1 1
CPU 210 -1 2
CPU 210 -1 3
CPU 211 0 0
CPU 211 -1 1
CPU 211 -1 2
CPU 211 -1 3
CPU 212 0 0
CPU 212 -1 1
CPU 212 -1 2
CPU 212 -1 3
CPU 213 0 0
CPU 213 -1 1
CPU 213 -1 2
CPU 213 -1 3
CPU 214 0 0
CPU 214 -1 1
CPU 214 -1 2
CPU 214 -1 3
CPU 215 0 0
CPU 215 -1 1
CPU 215 -1 2
CPU 215 -1 3
CPU 216 0 0
CPU 216 -1 1
CPU 216 -1 2
CPU 216 -1 3
CPU 217 0 0
CPU 217 -1 1
CPU 217 -1 2
CPU 217 -1 3
CPU 218 0 0
CPU 218 -1 1
CPU 218 -1 2
CPU 218 -1 3
CPU 219 0 0
CPU 219 -1 1
CPU 219 -1 2
CPU 219 -1 3
CPU 220 0 0
CPU 220 -1 1
CPU 220 -1 2
CPU 220 -1 3
CPU 221 0 0
CPU 221 -1 1
CPU 221 -1 2
CPU 221 -1 3
CPU 222 0 0
CPU 222 -1 1
CPU 222 -1 2
CPU 222 -1 3
CPU 223 0 0
CPU 223 -1 1
CPU 223 -1 2
CPU 223 -1 3
CPU 224 0 0
CPU 224 -1 1
CPU 224 -1 2
CPU 224 -1 3
CPU 225 0 0
CPU 225 -1 1
CPU 225 -1 2
CPU 225 -1 3
CPU 226 0 0
CPU 226 -1 1
CPU 226 -1 2
CPU 226 -1 3
CPU 227 0 0
CPU 227 -1 1
CPU 227 -1 2
CPU 227 -1 3
CPU 228 0 0
CPU 228 -1 1
CPU 228 -1 2
CPU 228 -1 3
CPU 229 0 0
CPU 229 -1 1
CPU 229 -1 2
CPU 229 -1 3
CPU 230 0 0
CPU 230 -1 1
CPU 230 -1 2
CPU 230 -1 3
CPU 231 0 0
CPU 231 -1 1
CPU 231 -1 2
CPU 231 -1 3
CPU 232 0 0
CPU 232 -1 1
CPU 232 -1 2
CPU 232 -1 3
CPU 233 0 0
CPU 233 -1 1
CPU 233 -1 2
CPU 233 -1 3
CPU 234 0 0
CPU 234 -1 1
CPU 234 -1 2
CPU 234 -1 3
CPU 235 0 0
CPU 235 -1 1
CPU 235 -1 2
CPU 235 -1 3
CPU 236 0 0
CPU 236 -1 1
CPU 236 -1 2
CPU 236 -1 3
CPU 237 0 0
CPU 237 -1 1
CPU 237 -1 2
CPU 237 -1 3
CPU 238 0 0
CPU 238 -1 1
CPU 238 -1 2
CPU 238 -1 3
CPU 239 0 0
CPU 239 -1 1
CPU 239 -1 2
CPU 239 -1 3
CPU 240 0 0
CPU 240 -1 1
CPU 240 -1 2
CPU 240 -1 3
CPU 241 0 0
CPU 241 -1 1
CPU 241 -1 2
CPU 241 -1 3
CPU 242 0 0
CPU 242 -1 1
CPU 242 -1 2
CPU 242 -1 3
CPU 243 0 0
CPU 243 -1 1
CPU 243 -1 2
CPU 243 -1 3
CPU 244 0 0
CPU 244 -1 1
CPU 244 -1 2
CPU 244 -1 3
CPU 245 0 0
CPU 245 -1 1
CPU 245 -1 2
CPU 245 -1 3
CPU 246 0 0
CPU 246 -1 1
CPU 246 -1 2
CPU 246 -1 3
CPU 247 0 0
CPU 247 -1 1
CPU 247 -1 2
CPU 247 -1 3
CPU 248 0 0
CPU 248 -1 1
CPU 248 -1 2
CPU 248 -1 3
CPU 249 0 0
CPU 249 -1 1
CPU 249 -1 2
CPU 249 -1 3
CPU 250 0 0
CPU 250 -1 1
CPU 250 -1 2
CPU 250 -1 3
CPU 251 0 0
CPU 251 -1 1
CPU 251 -1 2
CPU 251 -1 3
CPU 252 0 0
CPU 252 -1 1
CPU 252 -1 2
CPU 252 -1 3
CPU 253 0 0
CPU 253 -1 1
CPU 253 -1 2
CPU 253 -1 3
CPU 254 0 0
CPU 254 -1 1
CPU 254 -1 2
CPU 254 -1 3
CPU 255 0 0
CPU 255 -1 1
CPU 255 -1 2
CPU 255 -1 3
CPU 256 0 0
CPU 256 -1 1
CPU 256 -1 2
CPU 256 -1 3
CPU 257 0 0
CPU 257 -1 1
CPU 257 -1 2
CPU 257 -1 3
CPU 258 0 0
CPU 258 -1 1
CPU 258 -1 2
CPU 258 -1 3
CPU 259 0 0
CPU 259 -1 1
CPU 259 -1 2
CPU 259 -1 3
CPU 260 0 0
CPU 260 -1 1
CPU 260 -1 2
CPU 260 -1 3
CPU 261 0 0
CPU 261 -1 1
CPU 261 -1 2
CPU 261 -1 3
CPU 262 0 0
CPU 262 -1 1
CPU 262 -1 2
CPU 262 -1 3
CPU 263 0 0
CPU 263 -1 1
CPU 263 -1 2
CPU 263 -1 3
CPU 264 0 0
CPU 264 -1 1
CPU 264 -1 2
CPU 264 -1 3
CPU 265 0 0
CPU 265 -1 1
CPU 265 -1 2
CPU 265 -1 3
CPU 266 0 0
CPU 266 -1 1
CPU 266 -1 2
CPU 266 -1 3
CPU 267 0 0
CPU 267 -1 1
CPU 267 -1 2
CPU 267 -1 3
CPU 268 0 0
CPU 268 -1 1
CPU 268 -1 2
CPU 268 -1 3
CPU 269 0 0
CPU 269 -1 1
CPU 269 -1 2
CPU 269 -1 3
CPU 270 0 0
CPU 270 -1 1
CPU 270 -1 2
CPU 270 -1 3
CPU 271 0 0
CPU 271 -1 1
CPU 271 -1 2
CPU 271 -1 3
CPU 272 0 0
CPU 272 -1 1
CPU 272 -1 2
CPU 272 -1 3
CPU 273 0 0
CPU 273 -1 1
CPU 273 -1 2
CPU 273 -1 3
CPU 274 0 0
CPU 274 -1 1
CPU 274 -1 2
CPU 274 -1 3
CPU 275 0 0
CPU 275 -1 1
CPU 275 -1 2
CPU 275 -1 3
CPU 276 0 0
CPU 276 -1 1
CPU 276 -1 2
CPU 276 -1 3
CPU 277 0 0
CPU 277 -1 1
CPU 277 -1 2
CPU 277 -1 3
CPU 278 0 0
CPU 278 -1 1
CPU 278 -1 2
CPU 278 -1 3
CPU 279 0 0
CPU 279 -1 1
CPU 279 -1 2
CPU 279 -1 3
CPU 280 0 0
CPU 280 -1 1
CPU 280 -1 2
CPU 280 -1 3
CPU 281 0 0
CPU 281 -1 1
CPU 281 -1 2
CPU 281 -1 3
CPU 282 0 0
CPU 282 -1 1
CPU 282 -1 2
CPU 282 -1 3
CPU 283 0 0
CPU 283 -1 1
CPU 283 -1 2
CPU 283 -1 3
CPU 284 0 0
CPU 284 -1 1
CPU 284 -1 2
CPU 284 -1 3
CPU 285 0 0
CPU 285 -1 1
CPU 285 -1 2
CPU 285 -1 3
CPU 286 0 0
CPU 286 -1 1
CPU 286 -1 2
CPU 286 -1 3
CPU 287 0 0
CPU 287 -1 1
CPU 287 -1 2
CPU 287 -1 3
CPU 288 0 0
CPU 288 -1 1
CPU 288 -1 2
CPU 288 -1 3
CPU 289 0 0
CPU 289 -1 1
CPU 289 -1 2
CPU 289 -1 3
CPU 290 0 0
CPU 290 -1 1
CPU 290 -1 2
CPU 290 -1 3
CPU 291 0 0
CPU 291 -1 1
CPU 291 -1 2
CPU 291 -1 3
CPU 292 0 0
CPU 292 -1 1
CPU 292 -1 2
CPU 292 -1 3
CPU 293 0 0
CPU 293 -1 1
CPU 293 -1 2
CPU 293 -1 3
CPU 294 0 0
CPU 294 -1 1
CPU 294 -1 2
CPU 294 -1 3
CPU 295 0 0
CPU 295 -1 1
CPU 295 -1 2
CPU 295 -1 3
CPU 296 0 0
CPU 296 -1 1
CPU 296 -1 2
CPU 296 -1 3
CPU 297 0 0
CPU 297 -1 1
CPU 297 -1 2
CPU 297 -1 3
CPU 298 0 0
CPU 298 -1 1
CPU 298 -1 2
CPU 298 -1 3
CPU 299 0 0
CPU 299 -1 1
CPU 299 -1 2
CPU 299 -1 3
CPU 300 0 0
CPU 300 -1 1
CPU 300 -1 2
CPU 300 -1 3
CPU 301 0 0
CPU 301 -1 1
CPU 301 -1 2
CPU 301 -1 3
CPU 302 0 0
CPU 302 -1 1
CPU 302 -1 2
CPU 302 -1 3
CPU 303 0 0
CPU 303 -1 1
CPU 303 -1 2
CPU 303 -1 3
CPU 304 0 0
CPU 304 -1 1
CPU 304 -1 2
CPU 304 -1 3
CPU 305 0 0
CPU 305 -1 1
CPU 305 -1 2
CPU 305 -1 3
CPU 306 0 0
CPU 306 -1 1
CPU 306 -1 2
CPU 306 -1 3
CPU 307 0 0
CPU 307 -1 1
CPU 307 -1 2
CPU 307 -1 3
CPU 308 0 0
CPU 308 -1 1
CPU 308 -1 2
CPU 308 -1 3
CPU 309 0 0
CPU 309 -1 1
CPU 309 -1 2
CPU 309 -1 3
CPU 310 0 0
CPU 310 -1 1
CPU 310 -1 2
CPU 310 -1 3
CPU 311 0 0
CPU 311 -1 1
CPU 311 -1 2
CPU 311 -1 3
CPU 312 0 0
CPU 312 -1 1
CPU 312 -1 2
CPU 312 -1 3
CPU 313 0 0
CPU 313 -1 1
CPU 313 -1 2
CPU 313 -1 3
CPU 314 0 0
CPU 314 -1 1
CPU 314 -1 2
CPU 314 -1 3
CPU 315 0 0
CPU 315 -1 1
CPU 315 -1 2
CPU 315 -1 3
CPU 316 0 0
CPU 316 -1 1
CPU 316 -1 2
CPU 316 -1 3
CPU 317 0 0
CPU 317 -1 1
CPU 317 -1 2
CPU 317 -1 3
CPU 318 0 0
CPU 318 -1 1
CPU 318 -1 2
CPU 318 -1 3
CPU 319 0 0
CPU 319 -1 1
CPU 319 -1 2
CPU 319 -1 3
CPU 320 0 0
CPU 320 -1 1
CPU 320 -1 2
CPU 320 -1 3
CPU 321 0 0
CPU 321 -1 1
CPU 321 -1 2
CPU 321 -1 3
CPU 322 0 0
CPU 322 -1 1
CPU 322 -1 2
CPU 322 -1 3
CPU 323 0 0
CPU 323 -1 1
CPU 323 -1 2
CPU 323 -1 3
CPU 324 0 0
CPU 324 -1 1
CPU 324 -1 2
CPU 324 -1 3
CPU 325 0 0
CPU 325 -1 1
CPU 325 -1 2
CPU 325 -1 3
CPU 326 0 0
CPU 326 -1 1
CPU 326 -1 2
CPU 326 -1 3
CPU 327 0 0
CPU 327 -1 1
CPU 327 -1 2
CPU 327 -1 3
CPU 328 0 0
CPU 328 -1 1
CPU 328 -1 2
CPU 328 -1 3
CPU 329 0 0
CPU 329 -1 1
CPU 329 -1 2
CPU 329 -1 3
CPU 330 0 0
CPU 330 -1 1
CPU 330 -1 2
CPU 330 -1 3
CPU 331 0 0
CPU 331 -1 1
CPU 331 -1 2
CPU 331 -1 3
CPU 332 0 0
CPU 332 -1 1
CPU 332 -1 2
CPU 332 -1 3
CPU 333 0 0
CPU 333 -1 1
CPU 333 -1 2
CPU 333 -1 3
CPU 334 0 0
CPU 334 -1 1
CPU 334 -1 2
CPU 334 -1 3
CPU 335 0 0
CPU 335 -1 1
CPU 335 -1 2
CPU 335 -1 3
CPU 336 0 0
CPU 336 -1 1
CPU 336 -1 2
CPU 336 -1 3
CPU 337 0 0
CPU 337 -1 1
CPU 337 -1 2
CPU 337 -1 3
CPU 338 0 0
CPU 338 -1 1
CPU 338 -1 2
CPU 338 -1 3
CPU 339 0 0
CPU 339 -1 1
CPU 339 -1 2
CPU 339 -1 3
CPU 340 0 0
CPU 340 -1 1
CPU 340 -1 2
CPU 340 -1 3
CPU 341 0 0
CPU 341 -1 1
CPU 341 -1 2
CPU 341 -1 3
CPU 342 0 0
CPU 342 -1 1
CPU 342 -1 2
CPU 342 -1 3
CPU 343 0 0
CPU 343 -1 1
CPU 343 -1 2
CPU 343 -1 3
CPU 344 0 0
CPU 344 -1 1
CPU 344 -1 2
CPU 344 -1 3
CPU 345 0 0
CPU 345 -1 1
CPU 345 -1 2
CPU 345 -1 3
CPU 346 0 0
CPU 346 -1 1
CPU 346 -1 2
CPU 346 -1 3
CPU 347 0 0
CPU 347 -1 1
CPU 347 -1 2
CPU 347 -1 3
CPU 348 0 0
CPU 348 -1 1
CPU 348 -1 2
CPU 348 -1 3
CPU 349 0 0
CPU 349 -1 1
CPU 349 -1 2
CPU 349 -1 3
CPU 350 0 0
CPU 350 -1 1
CPU 350 -1 2
CPU 350 -1 3
CPU 351 0 0
CPU 351 -1 1
CPU 351 -1 2
CPU 351 -1 3
CPU 352 0 0
CPU 352 -1 1
CPU 352 -1 2
CPU 352 -1 3
CPU 353 0 0
CPU 353 -1 1
CPU 353 -1 2
CPU 353 -1 3
CPU 354 0 0
CPU 354 -1 1
CPU 354 -1 2
CPU 354 -1 3
CPU 355 0 0
CPU 355 -1 1
CPU 355 -1 2
CPU 355 -1 3
CPU 356 0 0
CPU 356 -1 1
CPU 356 -1 2
CPU 356 -1 3
CPU 357 0 0
CPU 357 -1 1
CPU 357 -1 2
CPU 357 -1 3
CPU 358 0 0
CPU 358 -1 1
CPU 358 -1 2
CPU 358 -1 3
CPU 359 0 0
CPU 359 -1 1
CPU 359 -1 2
CPU 359 -1 3
CPU 360 0 0
CPU 360 -1 1
CPU 360 -1 2
CPU 360 -1 3
CPU 361 0 0
CPU 361 -1 1
CPU 361 -1 2
CPU 361 -1 3
CPU 362 0 0
CPU 362 -1 1
CPU 362 -1 2
CPU 362 -1 3
CPU 363 0 0
CPU 363 -1 1
CPU 363 -1 2
CPU 363 -1 3
CPU 364 0 0
CPU 364 -1 1
CPU 364 -1 2
CPU 364 -1 3
CPU 365 0 0
CPU 365 -1 1
CPU 365 -1 2
CPU 365 -1 3
CPU 366 0 0
CPU 366 -1 1
CPU 366 -1 2
CPU 366 -1 3
CPU 367 0 0
CPU 367 -1 1
CPU 367 -1 2
CPU 367 -1 3
CPU 368 0 0
CPU 368 -1 1
CPU 368 -1 2
CPU 368 -1 3
CPU 369 0 0
CPU 369 -1 1
CPU 369 -1 2
CPU 369 -1 3
CPU 370 0 0
CPU 370 -1 1
CPU 370 -1 2
CPU 370 -1 3
CPU 371 0 0
CPU 371 -1 1
CPU 371 -1 2
CPU 371 -1 3
CPU 372 0 0
CPU 372 -1 1
CPU 372 -1 2
CPU 372 -1 3
CPU 373 0 0
CPU 373 -1 1
CPU 373 -1 2
CPU 373 -1 3
CPU 374 0 0
CPU 374 -1 1
CPU 374 -1 2
CPU 374 -1 3
CPU 375 0 0
CPU 375 -1 1
CPU 375 -1 2
CPU 375 -1 3
CPU 376 0 0
CPU 376 -1 1
CPU 376 -1 2
CPU 376 -1 3
CPU 377 0 0
CPU 377 -1 1
CPU 377 -1 2
CPU 377 -1 3
CPU 378 0 0
CPU 378 -1 1
CPU 378 -1 2
CPU 378 -1 3
CPU 379 0 0
CPU 379 -1 1
CPU 379 -1 2
CPU 379 -1 3
CPU 380 0 0
CPU 380 -1 1
CPU 380 -1 2
CPU 380 -1 3
CPU 381 0 0
CPU 381 -1 1
CPU 381 -1 2
CPU 381 -1 3
CPU 382 0 0
CPU 382 -1 1
CPU 382 -1 2
CPU 382 -1 3
CPU 383 0 0
CPU 383 -1 1
CPU 383 -1 2
CPU 383 -1 3
CPU 384 0 0
CPU 384 -1 1
CPU 384 -1 2
CPU 384 -1 3
CPU 385 0 0
CPU 385 -1 1
CPU 385 -1 2
CPU 385 -1 3
CPU 386 0 0
CPU 386 -1 1
CPU 386 -1 2
CPU 386 -1 3
CPU 387 0 0
CPU 387 -1 1
CPU 387 -1 2
CPU 387 -1 3
CPU 388 0 0
CPU 388 -1 1
CPU 388 -1 2
CPU 388 -1 3
CPU 389 0 0
CPU 389 -1 1
CPU 389 -1 2
CPU 389 -1 3
CPU 390 0 0
CPU 390 -1 1
CPU 390 -1 2
CPU 390 -1 3
CPU 391 0 0
CPU 391 -1 1
CPU 391 -1 2
CPU 391 -1 3
CPU 392 0 0
CPU 392 -1 1
CPU 392 -1 2
CPU 392 -1 3
CPU 393 0 0
CPU 393 -1 1
CPU 393 -1 2
CPU 393 -1 3
CPU 394 0 0
CPU 394 -1 1
CPU 394 -1 2
CPU 394 -1 3
CPU 395 0 0
CPU 395 -1 1
CPU 395 -1 2
CPU 395 -1 3
CPU 396 0 0
CPU 396 -1 1
CPU 396 -1 2
CPU 396 -1 3
CPU 397 0 0
CPU 397 -1 1
CPU 397 -1 2
CPU 397 -1 3
CPU 398 0 0
CPU 398 -1 1
CPU 398 -1 2
CPU 398 -1 3
CPU 399 0 0
CPU 399 -1 1
CPU 399 -1 2
CPU 399 -1 3
CPU 400 0 0
CPU 400 -1 1
CPU 400 -1 2
CPU 400 -1 3
CPU 401 0 0
CPU 401 -1 1
CPU 401 -1 2
CPU 401 -1 3
CPU 402 0 0
CPU 402 -1 1
CPU 402 -1 2
CPU 402 -1 3
CPU 403 0 0
CPU 403 -1 1
CPU 403 -1 2
CPU 403 -1 3
CPU 404 0 0
CPU 404 -1 1
CPU 404 -1 2
CPU 404 -1 3
CPU 405 0 0
CPU 405 -1 1
CPU 405 -1 2
CPU 405 -1 3
CPU 406 0 0
CPU 406 -1 1
CPU 406 -1 2
CPU 406 -1 3
CPU 407 0 0
CPU 407 -1 1
CPU 407 -1 2
CPU 407 -1 3
CPU 408 0 0
CPU 408 -1 1
CPU 408 -1 2
CPU 408 -1 3
CPU 409 0 0
CPU 409 -1 1
CPU 409 -1 2
CPU 409 -1 3
CPU 410 0 0
CPU 410 -1 1
CPU 410 -1 2
CPU 410 -1 3
CPU 411 0 0
CPU 411 -1 1
CPU 411 -1 2
CPU 411 -1 3
CPU 412 0 0
CPU 412 -1 1
CPU 412 -1 2
CPU 412 -1 3
CPU 413 0 0
CPU 413 -1 1
CPU 413 -1 2
CPU 413 -1 3
CPU 414 0 0
CPU 414 -1 1
CPU 414 -1 2
CPU 414 -1 3
CPU 415 0 0
CPU 415 -1 1
CPU 415 -1 2
CPU 415 -1 3
CPU 416 0 0
CPU 416 -1 1
CPU 416 -1 2
CPU 416 -1 3
CPU 417 0 0
CPU 417 -1 1
CPU 417 -1 2
CPU 417 -1 3
CPU 418 0 0
CPU 418 -1 1
CPU 418 -1 2
CPU 418 -1 3
CPU 419 0 0
CPU 419 -1 1
CPU 419 -1 2
CPU 419 -1 3
CPU 420 0 0
CPU 420 -1 1
CPU 420 -1 2
CPU 420 -1 3
CPU 421 0 0
CPU 421 -1 1
CPU 421 -1 2
CPU 421 -1 3
CPU 422 0 0
CPU 422 -1 1
CPU 422 -1 2
CPU 422 -1 3
CPU 423 0 0
CPU 423 -1 1
CPU 423 -1 2
CPU 423 -1 3
CPU 424 0 0
CPU 424 -1 1
CPU 424 -1 2
CPU 424 -1 3
CPU 425 0 0
CPU 425 -1 1
CPU 425 -1 2
CPU 425 -1 3
CPU 426 0 0
CPU 426 -1 1
CPU 426 -1 2
CPU 426 -1 3
CPU 427 0 0
CPU 427 -1 1
CPU 427 -1 2
CPU 427 -1 3
CPU 428 0 0
CPU 428 -1 1
CPU 428 -1 2
CPU 428 -1 3
CPU 429 0 0
CPU 429 -1 1
CPU 429 -1 2
CPU 429 -1 3
CPU 430 0 0
CPU 430 -1 1
CPU 430 -1 2
CPU 430 -1 3
CPU 431 0 0
CPU 431 -1 1
CPU 431 -1 2
CPU 431 -1 3
CPU 432 0 0
CPU 432 -1 1
CPU 432 -1 2
CPU 432 -1 3
CPU 433 0 0
CPU 433 -1 1
CPU 433 -1 2
CPU 433 -1 3
CPU 434 0 0
CPU 434 -1 1
CPU 434 -1 2
CPU 434 -1 3
CPU 435 0 0
CPU 435 -1 1
CPU 435 -1 2
CPU 435 -1 3
CPU 436 0 0
CPU 436 -1 1
CPU 436 -1 2
CPU 436 -1 3
CPU 437 0 0
CPU 437 -1 1
CPU 437 -1 2
CPU 437 -1 3
CPU 438 0 0
CPU 438 -1 1
CPU 438 -1 2
CPU 438 -1 3
CPU 439 0 0
CPU 439 -1 1
CPU 439 -1 2
CPU 439 -1 3
CPU 440 0 0
CPU 440 -1 1
CPU 440 -1 2
CPU 440 -1 3
CPU 441 0 0
CPU 441 -1 1
CPU 441 -1 2
CPU 441 -1 3
CPU 442 0 0
CPU 442 -1 1
CPU 442 -1 2
CPU 442 -1 3
CPU 443 0 0
CPU 443 -1 1
CPU 443 -1 2
CPU 443 -1 3
CPU 444 0 0
CPU 444 -1 1
CPU 444 -1 2
CPU 444 -1 3
CPU 445 0 0
CPU 445 -1 1
CPU 445 -1 2
CPU 445 -1 3
CPU 446 0 0
CPU 446 -1 1
CPU 446 -1 2
CPU 446 -1 3
CPU 447 0 0
CPU 447 -1 1
CPU 447 -1 2
CPU 447 -1 3
CPU 448 0 0
CPU 448 -1 1
CPU 448 -1 2
CPU 448 -1 3
CPU 449 0 0
CPU 449 -1 1
CPU 449 -1 2
CPU 449 -1 3
CPU 450 0 0
CPU 450 -1 1
CPU 450 -1 2
CPU 450 -1 3
CPU 451 0 0
CPU 451 -1 1
CPU 451 -1 2
CPU 451 -1 3
CPU 452 0 0
CPU 452 -1 1
CPU 452 -1 2
CPU 452 -1 3
CPU 453 0 0
CPU 453 -1 1
CPU 453 -1 2
CPU 453 -1 3
CPU 454 0 0
CPU 454 -1 1
CPU 454 -1 2
CPU 454 -1 3
CPU 455 0 0
CPU 455 -1 1
CPU 455 -1 2
CPU 455 -1 3
CPU 456 0 0
CPU 456 -1 1
CPU 456 -1 2
CPU 456 -1 3
CPU 457 0 0
CPU 457 -1 1
CPU 457 -1 2
CPU 457 -1 3
CPU 458 0 0
CPU 458 -1 1
CPU 458 -1 2
CPU 458 -1 3
CPU 459 0 0
CPU 459 -1 1
CPU 459 -1 2
CPU 459 -1 3
CPU 460 0 0
CPU 460 -1 1
CPU 460 -1 2
CPU 460 -1 3
CPU 461 0 0
CPU 461 -1 1
CPU 461 -1 2
CPU 461 -1 3
CPU 462 0 0
CPU 462 -1 1
CPU 462 -1 2
CPU 462 -1 3
CPU 463 0 0
CPU 463 -1 1
CPU 463 -1 2
CPU 463 -1 3
CPU 464 0 0
CPU 464 -1 1
CPU 464 -1 2
CPU 464 -1 3
CPU 465 0 0
CPU 465 -1 1
CPU 465 -1 2
CPU 465 -1 3
CPU 466 0 0
CPU 466 -1 1
CPU 466 -1 2
CPU 466 -1 3
CPU 467 0 0
CPU 467 -1 1
CPU 467 -1 2
CPU 467 -1 3
CPU 468 0 0
CPU 468 -1 1
CPU 468 -1 2
CPU 468 -1 3
CPU 469 0 0
CPU 469 -1 1
CPU 469 -1 2
CPU 469 -1 3
CPU 470 0 0
CPU 470 -1 1
CPU 470 -1 2
CPU 470 -1 3
CPU 471 0 0
CPU 471 -1 1
CPU 471 -1 2
CPU 471 -1 3
CPU 472 0 0
CPU 472 -1 1
CPU 472 -1 2
CPU 472 -1 3
CPU 473 0 0
CPU 473 -1 1
CPU 473 -1 2
CPU 473 -1 3
CPU 474 0 0
CPU 474 -1 1
CPU 474 -1 2
CPU 474 -1 3
CPU 475 0 0
CPU 475 -1 1
CPU 475 -1 2
CPU 475 -1 3
CPU 476 0 0
CPU 476 -1 1
CPU 476 -1 2
CPU 476 -1 3
CPU 477 0 0
CPU 477 -1 1
CPU 477 -1 2
CPU 477 -1 3
CPU 478 0 0
CPU 478 -1 1
CPU 478 -1 2
CPU 478 -1 3
CPU 479 0 0
CPU 479 -1 1
CPU 479 -1 2
CPU 479 -1 3
CPU 480 0 0
CPU 480 -1 1
CPU 480 -1 2
CPU 480 -1 3
CPU 481 0 0
CPU 481 -1 1
CPU 481 -1 2
CPU 481 -1 3
CPU 482 0 0
CPU 482 -1 1
CPU 482 -1 2
CPU 482 -1 3
CPU 483 0 0
CPU 483 -1 1
CPU 483 -1 2
CPU 483 -1 3
CPU 484 0 0
CPU 484 -1 1
CPU 484 -1 2
CPU 484 -1 3
CPU 485 0 0
CPU 485 -1 1
CPU 485 -1 2
CPU 485 -1 3
CPU 486 0 0
CPU 486 -1 1
CPU 486 -1 2
CPU 486 -1 3
CPU 487 0 0
CPU 487 -1 1
CPU 487 -1 2
CPU 487 -1 3
CPU 488 0 0
CPU 488 -1 1
CPU 488 -1 2
CPU 488 -1 3
CPU 489 0 0
CPU 489 -1 1
CPU 489 -1 2
CPU 489 -1 3
CPU 490 0 0
CPU 490 -1 1
CPU 490 -1 2
CPU 490 -1 3
CPU 491 0 0
CPU 491 -1 1
CPU 491 -1 2
CPU 491 -1 3
CPU 492 0 0
CPU 492 -1 1
CPU 492 -1 2
CPU 492 -1 3
CPU 493 0 0
CPU 493 -1 1
CPU 493 -1 2
CPU 493 -1 3
CPU 494 0 0
CPU 494 -1 1
CPU 494 -1 2
CPU 494 -1 3
CPU 495 0 0
CPU 495 -1 1
CPU 495 -1 2
CPU 495 -1 3
CPU 496 0 0
CPU 496 -1 1
CPU 496 -1 2
CPU 496 -1 3
CPU 497 0 0
CPU 497 -1 1
CPU 497 -1 2
CPU 497 -1 3
CPU 498 0 0
CPU 498 -1 1
CPU 498 -1 2
CPU 498 -1 3
CPU 499 0 0
CPU 499 -1 1
CPU 499 -1 2
CPU 499 -1 3
CPU 500 0 0
CPU 500 -1 1
CPU 500 -1 2
CPU 500 -1 3
CPU 501 0 0
CPU 501 -1 1
CPU 501 -1 2
CPU 501 -1 3
CPU 502 0 0
CPU 502 -1 1
CPU 502 -1 2
CPU 502 -1 3
CPU 503 0 0
CPU 503 -1 1
CPU 503 -1 2
CPU 503 -1 3
CPU 504 0 0
CPU 504 -1 1
CPU 504 -1 2
CPU 504 -1 3
CPU 505 0 0
CPU 505 -1 1
CPU 505 -1 2
CPU 505 -1 3
EXIT 506 0 0
CPU 506 -1 0
CPU 506 -1 1
CPU 506 -1 2
CPU 506 -1 3
